2025-08-26 00:21:08,022 [Worker-12: Loading available Gradle versions] INFO  o.e.b.c.i.u.g.PublishedGradleVersions - Gradle version information cache is not available. Remote download required.
2025-08-26 00:22:00,238 [Worker-18: Building] INFO  o.e.m.c.i.l.LifecycleMappingFactory - Using org.maven.ide.eclipse.wtp.WarLifecycleMapping lifecycle mapping for MavenProject: com.worknest:WorkNestApp:1.0.0 @ /Users/souravsharma/Documents/WorkNest/WorkNestApp/pom.xml.
2025-08-26 00:22:00,779 [Worker-18: Building] WARN  o.e.m.c.i.embedder.EclipseLogger - The artifact mysql:mysql-connector-java:jar:8.0.33 has been relocated to com.mysql:mysql-connector-j:jar:8.0.33: MySQL Connector/J artifacts moved to reverse-DNS compliant Maven 2+ coordinates.
2025-08-26 00:22:00,968 [Worker-18: Building] WARN  o.e.m.c.i.embedder.EclipseLogger - The artifact mysql:mysql-connector-java:jar:8.0.33 has been relocated to com.mysql:mysql-connector-j:jar:8.0.33: MySQL Connector/J artifacts moved to reverse-DNS compliant Maven 2+ coordinates.
2025-08-26 00:22:04,774 [Worker-18: Building] INFO  o.a.m.s.f.DefaultMavenResourcesFiltering - Copying 1 resource from src/main/resources to target/classes
2025-08-26 00:22:04,802 [Worker-18: Building] INFO  o.a.m.s.f.DefaultMavenResourcesFiltering - skip non existing resourceDirectory /Users/souravsharma/Documents/WorkNest/WorkNestApp/src/test/resources
2025-08-26 00:22:10,024 [Worker-10: Building] INFO  o.a.m.s.f.DefaultMavenResourcesFiltering - Copying 1 resource from src/main/resources to target/classes
2025-08-26 00:22:10,052 [Worker-10: Building] INFO  o.a.m.s.f.DefaultMavenResourcesFiltering - skip non existing resourceDirectory /Users/souravsharma/Documents/WorkNest/WorkNestApp/src/test/resources
2025-08-26 00:22:43,250 [Worker-26: Building] INFO  o.a.m.s.f.DefaultMavenResourcesFiltering - Copying 1 resource from src/main/resources to target/classes
2025-08-26 00:22:43,275 [Worker-26: Building] INFO  o.a.m.s.f.DefaultMavenResourcesFiltering - skip non existing resourceDirectory /Users/souravsharma/Documents/WorkNest/WorkNestApp/src/test/resources
2025-08-26 00:23:31,469 [Worker-2: Building] INFO  o.a.m.s.f.DefaultMavenResourcesFiltering - Copying 1 resource from src/main/resources to target/classes
2025-08-26 00:23:31,485 [Worker-2: Building] INFO  o.a.m.s.f.DefaultMavenResourcesFiltering - skip non existing resourceDirectory /Users/souravsharma/Documents/WorkNest/WorkNestApp/src/test/resources
2025-08-26 00:27:39,992 [Worker-33: Building] INFO  o.a.m.s.f.DefaultMavenResourcesFiltering - Copying 0 resource from src/main/resources to target/classes
2025-08-26 00:27:40,004 [Worker-33: Building] INFO  o.a.m.s.f.DefaultMavenResourcesFiltering - skip non existing resourceDirectory /Users/souravsharma/Documents/WorkNest/WorkNestApp/src/test/resources
2025-08-26 00:28:31,191 [Worker-31: Building] INFO  o.a.m.s.f.DefaultMavenResourcesFiltering - Copying 0 resource from src/main/resources to target/classes
2025-08-26 00:28:31,195 [Worker-31: Building] INFO  o.a.m.s.f.DefaultMavenResourcesFiltering - skip non existing resourceDirectory /Users/souravsharma/Documents/WorkNest/WorkNestApp/src/test/resources
2025-08-26 00:33:11,209 [Worker-32: Building] INFO  o.a.m.s.f.DefaultMavenResourcesFiltering - Copying 0 resource from src/main/resources to target/classes
2025-08-26 00:33:11,214 [Worker-32: Building] INFO  o.a.m.s.f.DefaultMavenResourcesFiltering - skip non existing resourceDirectory /Users/souravsharma/Documents/WorkNest/WorkNestApp/src/test/resources
2025-08-26 00:34:44,848 [Worker-34: Building] INFO  o.a.m.s.f.DefaultMavenResourcesFiltering - Copying 0 resource from src/main/resources to target/classes
2025-08-26 00:34:44,859 [Worker-34: Building] INFO  o.a.m.s.f.DefaultMavenResourcesFiltering - skip non existing resourceDirectory /Users/souravsharma/Documents/WorkNest/WorkNestApp/src/test/resources
2025-08-26 00:35:03,814 [Worker-25: Launching Executing clean in _Users_souravsharma_Documents_WorkNest_WorkNestApp] INFO  o.eclipse.m2e.core.internal.Bundles - getClasspathEntries(Bundle=org.eclipse.m2e.maven.runtime_3.9.900.20250220-2013 [1640])
2025-08-26 00:35:03,825 [Worker-25: Launching Executing clean in _Users_souravsharma_Documents_WorkNest_WorkNestApp] INFO  o.eclipse.m2e.core.internal.Bundles - 	Entry: /Users/souravsharma/.p2/pool/plugins/org.eclipse.m2e.maven.runtime_3.9.900.20250220-2013
2025-08-26 00:35:03,827 [Worker-25: Launching Executing clean in _Users_souravsharma_Documents_WorkNest_WorkNestApp] INFO  o.eclipse.m2e.core.internal.Bundles - 	Entry: /Users/souravsharma/.p2/pool/plugins/org.eclipse.m2e.maven.runtime_3.9.900.20250220-2013/jars/aopalliance-1.0.jar
2025-08-26 00:35:03,828 [Worker-25: Launching Executing clean in _Users_souravsharma_Documents_WorkNest_WorkNestApp] INFO  o.eclipse.m2e.core.internal.Bundles - 	Entry: /Users/souravsharma/.p2/pool/plugins/org.eclipse.m2e.maven.runtime_3.9.900.20250220-2013/jars/guice-5.1.0.jar
2025-08-26 00:35:03,828 [Worker-25: Launching Executing clean in _Users_souravsharma_Documents_WorkNest_WorkNestApp] INFO  o.eclipse.m2e.core.internal.Bundles - 	Entry: /Users/souravsharma/.p2/pool/plugins/org.eclipse.m2e.maven.runtime_3.9.900.20250220-2013/jars/httpclient-4.5.14.jar
2025-08-26 00:35:03,828 [Worker-25: Launching Executing clean in _Users_souravsharma_Documents_WorkNest_WorkNestApp] INFO  o.eclipse.m2e.core.internal.Bundles - 	Entry: /Users/souravsharma/.p2/pool/plugins/org.eclipse.m2e.maven.runtime_3.9.900.20250220-2013/jars/httpcore-4.4.16.jar
2025-08-26 00:35:03,828 [Worker-25: Launching Executing clean in _Users_souravsharma_Documents_WorkNest_WorkNestApp] INFO  o.eclipse.m2e.core.internal.Bundles - 	Entry: /Users/souravsharma/.p2/pool/plugins/org.eclipse.m2e.maven.runtime_3.9.900.20250220-2013/jars/jansi-2.4.1.jar
2025-08-26 00:35:03,828 [Worker-25: Launching Executing clean in _Users_souravsharma_Documents_WorkNest_WorkNestApp] INFO  o.eclipse.m2e.core.internal.Bundles - 	Entry: /Users/souravsharma/.p2/pool/plugins/org.eclipse.m2e.maven.runtime_3.9.900.20250220-2013/jars/jcl-over-slf4j-1.7.36.jar
2025-08-26 00:35:03,828 [Worker-25: Launching Executing clean in _Users_souravsharma_Documents_WorkNest_WorkNestApp] INFO  o.eclipse.m2e.core.internal.Bundles - 	Entry: /Users/souravsharma/.p2/pool/plugins/org.eclipse.m2e.maven.runtime_3.9.900.20250220-2013/jars/maven-artifact-3.9.9.jar
2025-08-26 00:35:03,828 [Worker-25: Launching Executing clean in _Users_souravsharma_Documents_WorkNest_WorkNestApp] INFO  o.eclipse.m2e.core.internal.Bundles - 	Entry: /Users/souravsharma/.p2/pool/plugins/org.eclipse.m2e.maven.runtime_3.9.900.20250220-2013/jars/maven-builder-support-3.9.9.jar
2025-08-26 00:35:03,828 [Worker-25: Launching Executing clean in _Users_souravsharma_Documents_WorkNest_WorkNestApp] INFO  o.eclipse.m2e.core.internal.Bundles - 	Entry: /Users/souravsharma/.p2/pool/plugins/org.eclipse.m2e.maven.runtime_3.9.900.20250220-2013/jars/maven-compat-3.9.9.jar
2025-08-26 00:35:03,828 [Worker-25: Launching Executing clean in _Users_souravsharma_Documents_WorkNest_WorkNestApp] INFO  o.eclipse.m2e.core.internal.Bundles - 	Entry: /Users/souravsharma/.p2/pool/plugins/org.eclipse.m2e.maven.runtime_3.9.900.20250220-2013/jars/maven-core-3.9.9.jar
2025-08-26 00:35:03,828 [Worker-25: Launching Executing clean in _Users_souravsharma_Documents_WorkNest_WorkNestApp] INFO  o.eclipse.m2e.core.internal.Bundles - 	Entry: /Users/souravsharma/.p2/pool/plugins/org.eclipse.m2e.maven.runtime_3.9.900.20250220-2013/jars/maven-embedder-3.9.9.jar
2025-08-26 00:35:03,828 [Worker-25: Launching Executing clean in _Users_souravsharma_Documents_WorkNest_WorkNestApp] INFO  o.eclipse.m2e.core.internal.Bundles - 	Entry: /Users/souravsharma/.p2/pool/plugins/org.eclipse.m2e.maven.runtime_3.9.900.20250220-2013/jars/maven-model-3.9.9.jar
2025-08-26 00:35:03,828 [Worker-25: Launching Executing clean in _Users_souravsharma_Documents_WorkNest_WorkNestApp] INFO  o.eclipse.m2e.core.internal.Bundles - 	Entry: /Users/souravsharma/.p2/pool/plugins/org.eclipse.m2e.maven.runtime_3.9.900.20250220-2013/jars/maven-model-builder-3.9.9.jar
2025-08-26 00:35:03,828 [Worker-25: Launching Executing clean in _Users_souravsharma_Documents_WorkNest_WorkNestApp] INFO  o.eclipse.m2e.core.internal.Bundles - 	Entry: /Users/souravsharma/.p2/pool/plugins/org.eclipse.m2e.maven.runtime_3.9.900.20250220-2013/jars/maven-plugin-api-3.9.9.jar
2025-08-26 00:35:03,828 [Worker-25: Launching Executing clean in _Users_souravsharma_Documents_WorkNest_WorkNestApp] INFO  o.eclipse.m2e.core.internal.Bundles - 	Entry: /Users/souravsharma/.p2/pool/plugins/org.eclipse.m2e.maven.runtime_3.9.900.20250220-2013/jars/maven-repository-metadata-3.9.9.jar
2025-08-26 00:35:03,828 [Worker-25: Launching Executing clean in _Users_souravsharma_Documents_WorkNest_WorkNestApp] INFO  o.eclipse.m2e.core.internal.Bundles - 	Entry: /Users/souravsharma/.p2/pool/plugins/org.eclipse.m2e.maven.runtime_3.9.900.20250220-2013/jars/maven-resolver-api-1.9.22.jar
2025-08-26 00:35:03,828 [Worker-25: Launching Executing clean in _Users_souravsharma_Documents_WorkNest_WorkNestApp] INFO  o.eclipse.m2e.core.internal.Bundles - 	Entry: /Users/souravsharma/.p2/pool/plugins/org.eclipse.m2e.maven.runtime_3.9.900.20250220-2013/jars/maven-resolver-connector-basic-1.9.22.jar
2025-08-26 00:35:03,829 [Worker-25: Launching Executing clean in _Users_souravsharma_Documents_WorkNest_WorkNestApp] INFO  o.eclipse.m2e.core.internal.Bundles - 	Entry: /Users/souravsharma/.p2/pool/plugins/org.eclipse.m2e.maven.runtime_3.9.900.20250220-2013/jars/maven-resolver-impl-1.9.22.jar
2025-08-26 00:35:03,829 [Worker-25: Launching Executing clean in _Users_souravsharma_Documents_WorkNest_WorkNestApp] INFO  o.eclipse.m2e.core.internal.Bundles - 	Entry: /Users/souravsharma/.p2/pool/plugins/org.eclipse.m2e.maven.runtime_3.9.900.20250220-2013/jars/maven-resolver-named-locks-1.9.22.jar
2025-08-26 00:35:03,829 [Worker-25: Launching Executing clean in _Users_souravsharma_Documents_WorkNest_WorkNestApp] INFO  o.eclipse.m2e.core.internal.Bundles - 	Entry: /Users/souravsharma/.p2/pool/plugins/org.eclipse.m2e.maven.runtime_3.9.900.20250220-2013/jars/maven-resolver-provider-3.9.9.jar
2025-08-26 00:35:03,829 [Worker-25: Launching Executing clean in _Users_souravsharma_Documents_WorkNest_WorkNestApp] INFO  o.eclipse.m2e.core.internal.Bundles - 	Entry: /Users/souravsharma/.p2/pool/plugins/org.eclipse.m2e.maven.runtime_3.9.900.20250220-2013/jars/maven-resolver-spi-1.9.22.jar
2025-08-26 00:35:03,829 [Worker-25: Launching Executing clean in _Users_souravsharma_Documents_WorkNest_WorkNestApp] INFO  o.eclipse.m2e.core.internal.Bundles - 	Entry: /Users/souravsharma/.p2/pool/plugins/org.eclipse.m2e.maven.runtime_3.9.900.20250220-2013/jars/maven-resolver-transport-file-1.9.22.jar
2025-08-26 00:35:03,829 [Worker-25: Launching Executing clean in _Users_souravsharma_Documents_WorkNest_WorkNestApp] INFO  o.eclipse.m2e.core.internal.Bundles - 	Entry: /Users/souravsharma/.p2/pool/plugins/org.eclipse.m2e.maven.runtime_3.9.900.20250220-2013/jars/maven-resolver-transport-http-1.9.22.jar
2025-08-26 00:35:03,829 [Worker-25: Launching Executing clean in _Users_souravsharma_Documents_WorkNest_WorkNestApp] INFO  o.eclipse.m2e.core.internal.Bundles - 	Entry: /Users/souravsharma/.p2/pool/plugins/org.eclipse.m2e.maven.runtime_3.9.900.20250220-2013/jars/maven-resolver-transport-wagon-1.9.22.jar
2025-08-26 00:35:03,829 [Worker-25: Launching Executing clean in _Users_souravsharma_Documents_WorkNest_WorkNestApp] INFO  o.eclipse.m2e.core.internal.Bundles - 	Entry: /Users/souravsharma/.p2/pool/plugins/org.eclipse.m2e.maven.runtime_3.9.900.20250220-2013/jars/maven-resolver-util-1.9.22.jar
2025-08-26 00:35:03,829 [Worker-25: Launching Executing clean in _Users_souravsharma_Documents_WorkNest_WorkNestApp] INFO  o.eclipse.m2e.core.internal.Bundles - 	Entry: /Users/souravsharma/.p2/pool/plugins/org.eclipse.m2e.maven.runtime_3.9.900.20250220-2013/jars/maven-settings-3.9.9.jar
2025-08-26 00:35:03,829 [Worker-25: Launching Executing clean in _Users_souravsharma_Documents_WorkNest_WorkNestApp] INFO  o.eclipse.m2e.core.internal.Bundles - 	Entry: /Users/souravsharma/.p2/pool/plugins/org.eclipse.m2e.maven.runtime_3.9.900.20250220-2013/jars/maven-settings-builder-3.9.9.jar
2025-08-26 00:35:03,829 [Worker-25: Launching Executing clean in _Users_souravsharma_Documents_WorkNest_WorkNestApp] INFO  o.eclipse.m2e.core.internal.Bundles - 	Entry: /Users/souravsharma/.p2/pool/plugins/org.eclipse.m2e.maven.runtime_3.9.900.20250220-2013/jars/maven-shared-utils-3.4.2.jar
2025-08-26 00:35:03,829 [Worker-25: Launching Executing clean in _Users_souravsharma_Documents_WorkNest_WorkNestApp] INFO  o.eclipse.m2e.core.internal.Bundles - 	Entry: /Users/souravsharma/.p2/pool/plugins/org.eclipse.m2e.maven.runtime_3.9.900.20250220-2013/jars/org.eclipse.sisu.inject-0.9.0.M3.jar
2025-08-26 00:35:03,829 [Worker-25: Launching Executing clean in _Users_souravsharma_Documents_WorkNest_WorkNestApp] INFO  o.eclipse.m2e.core.internal.Bundles - 	Entry: /Users/souravsharma/.p2/pool/plugins/org.eclipse.m2e.maven.runtime_3.9.900.20250220-2013/jars/org.eclipse.sisu.plexus-0.9.0.M3.jar
2025-08-26 00:35:03,830 [Worker-25: Launching Executing clean in _Users_souravsharma_Documents_WorkNest_WorkNestApp] INFO  o.eclipse.m2e.core.internal.Bundles - 	Entry: /Users/souravsharma/.p2/pool/plugins/org.eclipse.m2e.maven.runtime_3.9.900.20250220-2013/jars/plexus-build-api-0.0.7.jar
2025-08-26 00:35:03,830 [Worker-25: Launching Executing clean in _Users_souravsharma_Documents_WorkNest_WorkNestApp] INFO  o.eclipse.m2e.core.internal.Bundles - 	Entry: /Users/souravsharma/.p2/pool/plugins/org.eclipse.m2e.maven.runtime_3.9.900.20250220-2013/jars/plexus-build-api-1.2.0.jar
2025-08-26 00:35:03,832 [Worker-25: Launching Executing clean in _Users_souravsharma_Documents_WorkNest_WorkNestApp] INFO  o.eclipse.m2e.core.internal.Bundles - 	Entry: /Users/souravsharma/.p2/pool/plugins/org.eclipse.m2e.maven.runtime_3.9.900.20250220-2013/jars/plexus-cipher-2.0.jar
2025-08-26 00:35:03,832 [Worker-25: Launching Executing clean in _Users_souravsharma_Documents_WorkNest_WorkNestApp] INFO  o.eclipse.m2e.core.internal.Bundles - 	Entry: /Users/souravsharma/.p2/pool/plugins/org.eclipse.m2e.maven.runtime_3.9.900.20250220-2013/jars/plexus-classworlds-2.8.0.jar
2025-08-26 00:35:03,832 [Worker-25: Launching Executing clean in _Users_souravsharma_Documents_WorkNest_WorkNestApp] INFO  o.eclipse.m2e.core.internal.Bundles - 	Entry: /Users/souravsharma/.p2/pool/plugins/org.eclipse.m2e.maven.runtime_3.9.900.20250220-2013/jars/plexus-component-annotations-2.1.0.jar
2025-08-26 00:35:03,832 [Worker-25: Launching Executing clean in _Users_souravsharma_Documents_WorkNest_WorkNestApp] INFO  o.eclipse.m2e.core.internal.Bundles - 	Entry: /Users/souravsharma/.p2/pool/plugins/org.eclipse.m2e.maven.runtime_3.9.900.20250220-2013/jars/plexus-interpolation-1.27.jar
2025-08-26 00:35:03,832 [Worker-25: Launching Executing clean in _Users_souravsharma_Documents_WorkNest_WorkNestApp] INFO  o.eclipse.m2e.core.internal.Bundles - 	Entry: /Users/souravsharma/.p2/pool/plugins/org.eclipse.m2e.maven.runtime_3.9.900.20250220-2013/jars/plexus-sec-dispatcher-2.0.jar
2025-08-26 00:35:03,832 [Worker-25: Launching Executing clean in _Users_souravsharma_Documents_WorkNest_WorkNestApp] INFO  o.eclipse.m2e.core.internal.Bundles - 	Entry: /Users/souravsharma/.p2/pool/plugins/org.eclipse.m2e.maven.runtime_3.9.900.20250220-2013/jars/plexus-utils-3.5.1.jar
2025-08-26 00:35:03,832 [Worker-25: Launching Executing clean in _Users_souravsharma_Documents_WorkNest_WorkNestApp] INFO  o.eclipse.m2e.core.internal.Bundles - 	Entry: /Users/souravsharma/.p2/pool/plugins/org.eclipse.m2e.maven.runtime_3.9.900.20250220-2013/jars/plexus-xml-3.0.1.jar
2025-08-26 00:35:03,833 [Worker-25: Launching Executing clean in _Users_souravsharma_Documents_WorkNest_WorkNestApp] INFO  o.eclipse.m2e.core.internal.Bundles - 	Entry: /Users/souravsharma/.p2/pool/plugins/org.eclipse.m2e.maven.runtime_3.9.900.20250220-2013/jars/wagon-file-3.5.3.jar
2025-08-26 00:35:03,833 [Worker-25: Launching Executing clean in _Users_souravsharma_Documents_WorkNest_WorkNestApp] INFO  o.eclipse.m2e.core.internal.Bundles - 	Entry: /Users/souravsharma/.p2/pool/plugins/org.eclipse.m2e.maven.runtime_3.9.900.20250220-2013/jars/wagon-http-3.5.3.jar
2025-08-26 00:35:03,833 [Worker-25: Launching Executing clean in _Users_souravsharma_Documents_WorkNest_WorkNestApp] INFO  o.eclipse.m2e.core.internal.Bundles - 	Entry: /Users/souravsharma/.p2/pool/plugins/org.eclipse.m2e.maven.runtime_3.9.900.20250220-2013/jars/wagon-http-shared-3.5.3.jar
2025-08-26 00:35:03,833 [Worker-25: Launching Executing clean in _Users_souravsharma_Documents_WorkNest_WorkNestApp] INFO  o.eclipse.m2e.core.internal.Bundles - 	Entry: /Users/souravsharma/.p2/pool/plugins/org.eclipse.m2e.maven.runtime_3.9.900.20250220-2013/jars/wagon-provider-api-3.5.3.jar
2025-08-26 00:35:03,841 [Worker-25: Launching Executing clean in _Users_souravsharma_Documents_WorkNest_WorkNestApp] INFO  o.eclipse.m2e.core.internal.Bundles - getClasspathEntries(Bundle=com.google.guava_33.4.8.jre [1021])
2025-08-26 00:35:03,843 [Worker-25: Launching Executing clean in _Users_souravsharma_Documents_WorkNest_WorkNestApp] INFO  o.eclipse.m2e.core.internal.Bundles - 	Entry: /Users/souravsharma/.p2/pool/plugins/com.google.guava_33.4.8.jre.jar
2025-08-26 00:35:03,843 [Worker-25: Launching Executing clean in _Users_souravsharma_Documents_WorkNest_WorkNestApp] INFO  o.eclipse.m2e.core.internal.Bundles - getClasspathEntries(Bundle=slf4j.api_2.0.17 [2005])
2025-08-26 00:35:03,843 [Worker-25: Launching Executing clean in _Users_souravsharma_Documents_WorkNest_WorkNestApp] INFO  o.eclipse.m2e.core.internal.Bundles - 	Entry: /Users/souravsharma/.p2/pool/plugins/slf4j.api_2.0.17.jar
2025-08-26 00:35:03,843 [Worker-25: Launching Executing clean in _Users_souravsharma_Documents_WorkNest_WorkNestApp] INFO  o.eclipse.m2e.core.internal.Bundles - getClasspathEntries(Bundle=jakarta.inject.jakarta.inject-api_1.0.5 [1038])
2025-08-26 00:35:03,843 [Worker-25: Launching Executing clean in _Users_souravsharma_Documents_WorkNest_WorkNestApp] INFO  o.eclipse.m2e.core.internal.Bundles - 	Entry: /Users/souravsharma/.p2/pool/plugins/jakarta.inject.jakarta.inject-api_1.0.5.jar
2025-08-26 00:35:03,843 [Worker-25: Launching Executing clean in _Users_souravsharma_Documents_WorkNest_WorkNestApp] INFO  o.eclipse.m2e.core.internal.Bundles - getClasspathEntries(Bundle=javax.annotation_1.3.5.v20200909-1856 [1048])
2025-08-26 00:35:03,843 [Worker-25: Launching Executing clean in _Users_souravsharma_Documents_WorkNest_WorkNestApp] INFO  o.eclipse.m2e.core.internal.Bundles - 	Entry: /Users/souravsharma/.p2/pool/plugins/javax.annotation_1.3.5.v20200909-1856.jar
2025-08-26 00:35:03,843 [Worker-25: Launching Executing clean in _Users_souravsharma_Documents_WorkNest_WorkNestApp] INFO  o.eclipse.m2e.core.internal.Bundles - getClasspathEntries(Bundle=org.apache.commons.cli_1.9.0 [1079])
2025-08-26 00:35:03,843 [Worker-25: Launching Executing clean in _Users_souravsharma_Documents_WorkNest_WorkNestApp] INFO  o.eclipse.m2e.core.internal.Bundles - 	Entry: /Users/souravsharma/.p2/pool/plugins/org.apache.commons.cli_1.9.0.jar
2025-08-26 00:35:03,843 [Worker-25: Launching Executing clean in _Users_souravsharma_Documents_WorkNest_WorkNestApp] INFO  o.eclipse.m2e.core.internal.Bundles - getClasspathEntries(Bundle=org.apache.commons.commons-codec_1.19.0 [2026])
2025-08-26 00:35:03,843 [Worker-25: Launching Executing clean in _Users_souravsharma_Documents_WorkNest_WorkNestApp] INFO  o.eclipse.m2e.core.internal.Bundles - 	Entry: /Users/souravsharma/.p2/pool/plugins/org.apache.commons.commons-codec_1.19.0.jar
2025-08-26 00:35:03,843 [Worker-25: Launching Executing clean in _Users_souravsharma_Documents_WorkNest_WorkNestApp] INFO  o.eclipse.m2e.core.internal.Bundles - getClasspathEntries(Bundle=com.google.guava.failureaccess_1.0.3 [1022])
2025-08-26 00:35:03,843 [Worker-25: Launching Executing clean in _Users_souravsharma_Documents_WorkNest_WorkNestApp] INFO  o.eclipse.m2e.core.internal.Bundles - 	Entry: /Users/souravsharma/.p2/pool/plugins/com.google.guava.failureaccess_1.0.3.jar
2025-08-26 00:35:03,851 [Worker-25: Launching Executing clean in _Users_souravsharma_Documents_WorkNest_WorkNestApp] INFO  o.e.m.i.launch.MavenLaunchDelegate - Run build in "/Users/souravsharma/Documents/WorkNest/WorkNestApp":
2025-08-26 00:35:03,854 [Worker-25: Launching Executing clean in _Users_souravsharma_Documents_WorkNest_WorkNestApp] INFO  o.e.m.i.launch.MavenLaunchDelegate -  mvn  -B -Dstyle.color=always clean
2025-08-26 00:35:11,034 [Worker-31: Building] INFO  o.a.m.s.f.DefaultMavenResourcesFiltering - Copying 1 resource from src/main/resources to target/classes
2025-08-26 00:35:11,046 [Worker-31: Building] INFO  o.a.m.s.f.DefaultMavenResourcesFiltering - skip non existing resourceDirectory /Users/souravsharma/Documents/WorkNest/WorkNestApp/src/test/resources
2025-08-26 00:35:11,047 [Worker-31: Building] INFO  o.e.m.w.i.f.ResourceFilteringBuildParticipant - Changed resources require a complete clean of filtered resources of WorkNestApp
2025-08-26 00:35:11,050 [Worker-31: Building] INFO  o.e.m.w.i.f.ResourceFilteringBuildParticipant - Executing resource filtering for WorkNestApp
2025-08-26 00:35:14,815 [Worker-28: Launching Executing install in _Users_souravsharma_Documents_WorkNest_WorkNestApp] INFO  o.eclipse.m2e.core.internal.Bundles - getClasspathEntries(Bundle=org.eclipse.m2e.maven.runtime_3.9.900.20250220-2013 [1640])
2025-08-26 00:35:14,820 [Worker-28: Launching Executing install in _Users_souravsharma_Documents_WorkNest_WorkNestApp] INFO  o.eclipse.m2e.core.internal.Bundles - 	Entry: /Users/souravsharma/.p2/pool/plugins/org.eclipse.m2e.maven.runtime_3.9.900.20250220-2013
2025-08-26 00:35:14,820 [Worker-28: Launching Executing install in _Users_souravsharma_Documents_WorkNest_WorkNestApp] INFO  o.eclipse.m2e.core.internal.Bundles - 	Entry: /Users/souravsharma/.p2/pool/plugins/org.eclipse.m2e.maven.runtime_3.9.900.20250220-2013/jars/aopalliance-1.0.jar
2025-08-26 00:35:14,820 [Worker-28: Launching Executing install in _Users_souravsharma_Documents_WorkNest_WorkNestApp] INFO  o.eclipse.m2e.core.internal.Bundles - 	Entry: /Users/souravsharma/.p2/pool/plugins/org.eclipse.m2e.maven.runtime_3.9.900.20250220-2013/jars/guice-5.1.0.jar
2025-08-26 00:35:14,820 [Worker-28: Launching Executing install in _Users_souravsharma_Documents_WorkNest_WorkNestApp] INFO  o.eclipse.m2e.core.internal.Bundles - 	Entry: /Users/souravsharma/.p2/pool/plugins/org.eclipse.m2e.maven.runtime_3.9.900.20250220-2013/jars/httpclient-4.5.14.jar
2025-08-26 00:35:14,820 [Worker-28: Launching Executing install in _Users_souravsharma_Documents_WorkNest_WorkNestApp] INFO  o.eclipse.m2e.core.internal.Bundles - 	Entry: /Users/souravsharma/.p2/pool/plugins/org.eclipse.m2e.maven.runtime_3.9.900.20250220-2013/jars/httpcore-4.4.16.jar
2025-08-26 00:35:14,820 [Worker-28: Launching Executing install in _Users_souravsharma_Documents_WorkNest_WorkNestApp] INFO  o.eclipse.m2e.core.internal.Bundles - 	Entry: /Users/souravsharma/.p2/pool/plugins/org.eclipse.m2e.maven.runtime_3.9.900.20250220-2013/jars/jansi-2.4.1.jar
2025-08-26 00:35:14,820 [Worker-28: Launching Executing install in _Users_souravsharma_Documents_WorkNest_WorkNestApp] INFO  o.eclipse.m2e.core.internal.Bundles - 	Entry: /Users/souravsharma/.p2/pool/plugins/org.eclipse.m2e.maven.runtime_3.9.900.20250220-2013/jars/jcl-over-slf4j-1.7.36.jar
2025-08-26 00:35:14,820 [Worker-28: Launching Executing install in _Users_souravsharma_Documents_WorkNest_WorkNestApp] INFO  o.eclipse.m2e.core.internal.Bundles - 	Entry: /Users/souravsharma/.p2/pool/plugins/org.eclipse.m2e.maven.runtime_3.9.900.20250220-2013/jars/maven-artifact-3.9.9.jar
2025-08-26 00:35:14,821 [Worker-28: Launching Executing install in _Users_souravsharma_Documents_WorkNest_WorkNestApp] INFO  o.eclipse.m2e.core.internal.Bundles - 	Entry: /Users/souravsharma/.p2/pool/plugins/org.eclipse.m2e.maven.runtime_3.9.900.20250220-2013/jars/maven-builder-support-3.9.9.jar
2025-08-26 00:35:14,821 [Worker-28: Launching Executing install in _Users_souravsharma_Documents_WorkNest_WorkNestApp] INFO  o.eclipse.m2e.core.internal.Bundles - 	Entry: /Users/souravsharma/.p2/pool/plugins/org.eclipse.m2e.maven.runtime_3.9.900.20250220-2013/jars/maven-compat-3.9.9.jar
2025-08-26 00:35:14,821 [Worker-28: Launching Executing install in _Users_souravsharma_Documents_WorkNest_WorkNestApp] INFO  o.eclipse.m2e.core.internal.Bundles - 	Entry: /Users/souravsharma/.p2/pool/plugins/org.eclipse.m2e.maven.runtime_3.9.900.20250220-2013/jars/maven-core-3.9.9.jar
2025-08-26 00:35:14,821 [Worker-28: Launching Executing install in _Users_souravsharma_Documents_WorkNest_WorkNestApp] INFO  o.eclipse.m2e.core.internal.Bundles - 	Entry: /Users/souravsharma/.p2/pool/plugins/org.eclipse.m2e.maven.runtime_3.9.900.20250220-2013/jars/maven-embedder-3.9.9.jar
2025-08-26 00:35:14,821 [Worker-28: Launching Executing install in _Users_souravsharma_Documents_WorkNest_WorkNestApp] INFO  o.eclipse.m2e.core.internal.Bundles - 	Entry: /Users/souravsharma/.p2/pool/plugins/org.eclipse.m2e.maven.runtime_3.9.900.20250220-2013/jars/maven-model-3.9.9.jar
2025-08-26 00:35:14,821 [Worker-28: Launching Executing install in _Users_souravsharma_Documents_WorkNest_WorkNestApp] INFO  o.eclipse.m2e.core.internal.Bundles - 	Entry: /Users/souravsharma/.p2/pool/plugins/org.eclipse.m2e.maven.runtime_3.9.900.20250220-2013/jars/maven-model-builder-3.9.9.jar
2025-08-26 00:35:14,821 [Worker-28: Launching Executing install in _Users_souravsharma_Documents_WorkNest_WorkNestApp] INFO  o.eclipse.m2e.core.internal.Bundles - 	Entry: /Users/souravsharma/.p2/pool/plugins/org.eclipse.m2e.maven.runtime_3.9.900.20250220-2013/jars/maven-plugin-api-3.9.9.jar
2025-08-26 00:35:14,821 [Worker-28: Launching Executing install in _Users_souravsharma_Documents_WorkNest_WorkNestApp] INFO  o.eclipse.m2e.core.internal.Bundles - 	Entry: /Users/souravsharma/.p2/pool/plugins/org.eclipse.m2e.maven.runtime_3.9.900.20250220-2013/jars/maven-repository-metadata-3.9.9.jar
2025-08-26 00:35:14,821 [Worker-28: Launching Executing install in _Users_souravsharma_Documents_WorkNest_WorkNestApp] INFO  o.eclipse.m2e.core.internal.Bundles - 	Entry: /Users/souravsharma/.p2/pool/plugins/org.eclipse.m2e.maven.runtime_3.9.900.20250220-2013/jars/maven-resolver-api-1.9.22.jar
2025-08-26 00:35:14,821 [Worker-28: Launching Executing install in _Users_souravsharma_Documents_WorkNest_WorkNestApp] INFO  o.eclipse.m2e.core.internal.Bundles - 	Entry: /Users/souravsharma/.p2/pool/plugins/org.eclipse.m2e.maven.runtime_3.9.900.20250220-2013/jars/maven-resolver-connector-basic-1.9.22.jar
2025-08-26 00:35:14,821 [Worker-28: Launching Executing install in _Users_souravsharma_Documents_WorkNest_WorkNestApp] INFO  o.eclipse.m2e.core.internal.Bundles - 	Entry: /Users/souravsharma/.p2/pool/plugins/org.eclipse.m2e.maven.runtime_3.9.900.20250220-2013/jars/maven-resolver-impl-1.9.22.jar
2025-08-26 00:35:14,822 [Worker-28: Launching Executing install in _Users_souravsharma_Documents_WorkNest_WorkNestApp] INFO  o.eclipse.m2e.core.internal.Bundles - 	Entry: /Users/souravsharma/.p2/pool/plugins/org.eclipse.m2e.maven.runtime_3.9.900.20250220-2013/jars/maven-resolver-named-locks-1.9.22.jar
2025-08-26 00:35:14,822 [Worker-28: Launching Executing install in _Users_souravsharma_Documents_WorkNest_WorkNestApp] INFO  o.eclipse.m2e.core.internal.Bundles - 	Entry: /Users/souravsharma/.p2/pool/plugins/org.eclipse.m2e.maven.runtime_3.9.900.20250220-2013/jars/maven-resolver-provider-3.9.9.jar
2025-08-26 00:35:14,822 [Worker-28: Launching Executing install in _Users_souravsharma_Documents_WorkNest_WorkNestApp] INFO  o.eclipse.m2e.core.internal.Bundles - 	Entry: /Users/souravsharma/.p2/pool/plugins/org.eclipse.m2e.maven.runtime_3.9.900.20250220-2013/jars/maven-resolver-spi-1.9.22.jar
2025-08-26 00:35:14,822 [Worker-28: Launching Executing install in _Users_souravsharma_Documents_WorkNest_WorkNestApp] INFO  o.eclipse.m2e.core.internal.Bundles - 	Entry: /Users/souravsharma/.p2/pool/plugins/org.eclipse.m2e.maven.runtime_3.9.900.20250220-2013/jars/maven-resolver-transport-file-1.9.22.jar
2025-08-26 00:35:14,822 [Worker-28: Launching Executing install in _Users_souravsharma_Documents_WorkNest_WorkNestApp] INFO  o.eclipse.m2e.core.internal.Bundles - 	Entry: /Users/souravsharma/.p2/pool/plugins/org.eclipse.m2e.maven.runtime_3.9.900.20250220-2013/jars/maven-resolver-transport-http-1.9.22.jar
2025-08-26 00:35:14,822 [Worker-28: Launching Executing install in _Users_souravsharma_Documents_WorkNest_WorkNestApp] INFO  o.eclipse.m2e.core.internal.Bundles - 	Entry: /Users/souravsharma/.p2/pool/plugins/org.eclipse.m2e.maven.runtime_3.9.900.20250220-2013/jars/maven-resolver-transport-wagon-1.9.22.jar
2025-08-26 00:35:14,822 [Worker-28: Launching Executing install in _Users_souravsharma_Documents_WorkNest_WorkNestApp] INFO  o.eclipse.m2e.core.internal.Bundles - 	Entry: /Users/souravsharma/.p2/pool/plugins/org.eclipse.m2e.maven.runtime_3.9.900.20250220-2013/jars/maven-resolver-util-1.9.22.jar
2025-08-26 00:35:14,822 [Worker-28: Launching Executing install in _Users_souravsharma_Documents_WorkNest_WorkNestApp] INFO  o.eclipse.m2e.core.internal.Bundles - 	Entry: /Users/souravsharma/.p2/pool/plugins/org.eclipse.m2e.maven.runtime_3.9.900.20250220-2013/jars/maven-settings-3.9.9.jar
2025-08-26 00:35:14,822 [Worker-28: Launching Executing install in _Users_souravsharma_Documents_WorkNest_WorkNestApp] INFO  o.eclipse.m2e.core.internal.Bundles - 	Entry: /Users/souravsharma/.p2/pool/plugins/org.eclipse.m2e.maven.runtime_3.9.900.20250220-2013/jars/maven-settings-builder-3.9.9.jar
2025-08-26 00:35:14,822 [Worker-28: Launching Executing install in _Users_souravsharma_Documents_WorkNest_WorkNestApp] INFO  o.eclipse.m2e.core.internal.Bundles - 	Entry: /Users/souravsharma/.p2/pool/plugins/org.eclipse.m2e.maven.runtime_3.9.900.20250220-2013/jars/maven-shared-utils-3.4.2.jar
2025-08-26 00:35:14,822 [Worker-28: Launching Executing install in _Users_souravsharma_Documents_WorkNest_WorkNestApp] INFO  o.eclipse.m2e.core.internal.Bundles - 	Entry: /Users/souravsharma/.p2/pool/plugins/org.eclipse.m2e.maven.runtime_3.9.900.20250220-2013/jars/org.eclipse.sisu.inject-0.9.0.M3.jar
2025-08-26 00:35:14,822 [Worker-28: Launching Executing install in _Users_souravsharma_Documents_WorkNest_WorkNestApp] INFO  o.eclipse.m2e.core.internal.Bundles - 	Entry: /Users/souravsharma/.p2/pool/plugins/org.eclipse.m2e.maven.runtime_3.9.900.20250220-2013/jars/org.eclipse.sisu.plexus-0.9.0.M3.jar
2025-08-26 00:35:14,823 [Worker-28: Launching Executing install in _Users_souravsharma_Documents_WorkNest_WorkNestApp] INFO  o.eclipse.m2e.core.internal.Bundles - 	Entry: /Users/souravsharma/.p2/pool/plugins/org.eclipse.m2e.maven.runtime_3.9.900.20250220-2013/jars/plexus-build-api-0.0.7.jar
2025-08-26 00:35:14,825 [Worker-28: Launching Executing install in _Users_souravsharma_Documents_WorkNest_WorkNestApp] INFO  o.eclipse.m2e.core.internal.Bundles - 	Entry: /Users/souravsharma/.p2/pool/plugins/org.eclipse.m2e.maven.runtime_3.9.900.20250220-2013/jars/plexus-build-api-1.2.0.jar
2025-08-26 00:35:14,825 [Worker-28: Launching Executing install in _Users_souravsharma_Documents_WorkNest_WorkNestApp] INFO  o.eclipse.m2e.core.internal.Bundles - 	Entry: /Users/souravsharma/.p2/pool/plugins/org.eclipse.m2e.maven.runtime_3.9.900.20250220-2013/jars/plexus-cipher-2.0.jar
2025-08-26 00:35:14,825 [Worker-28: Launching Executing install in _Users_souravsharma_Documents_WorkNest_WorkNestApp] INFO  o.eclipse.m2e.core.internal.Bundles - 	Entry: /Users/souravsharma/.p2/pool/plugins/org.eclipse.m2e.maven.runtime_3.9.900.20250220-2013/jars/plexus-classworlds-2.8.0.jar
2025-08-26 00:35:14,826 [Worker-28: Launching Executing install in _Users_souravsharma_Documents_WorkNest_WorkNestApp] INFO  o.eclipse.m2e.core.internal.Bundles - 	Entry: /Users/souravsharma/.p2/pool/plugins/org.eclipse.m2e.maven.runtime_3.9.900.20250220-2013/jars/plexus-component-annotations-2.1.0.jar
2025-08-26 00:35:14,828 [Worker-28: Launching Executing install in _Users_souravsharma_Documents_WorkNest_WorkNestApp] INFO  o.eclipse.m2e.core.internal.Bundles - 	Entry: /Users/souravsharma/.p2/pool/plugins/org.eclipse.m2e.maven.runtime_3.9.900.20250220-2013/jars/plexus-interpolation-1.27.jar
2025-08-26 00:35:14,828 [Worker-28: Launching Executing install in _Users_souravsharma_Documents_WorkNest_WorkNestApp] INFO  o.eclipse.m2e.core.internal.Bundles - 	Entry: /Users/souravsharma/.p2/pool/plugins/org.eclipse.m2e.maven.runtime_3.9.900.20250220-2013/jars/plexus-sec-dispatcher-2.0.jar
2025-08-26 00:35:14,829 [Worker-28: Launching Executing install in _Users_souravsharma_Documents_WorkNest_WorkNestApp] INFO  o.eclipse.m2e.core.internal.Bundles - 	Entry: /Users/souravsharma/.p2/pool/plugins/org.eclipse.m2e.maven.runtime_3.9.900.20250220-2013/jars/plexus-utils-3.5.1.jar
2025-08-26 00:35:14,830 [Worker-28: Launching Executing install in _Users_souravsharma_Documents_WorkNest_WorkNestApp] INFO  o.eclipse.m2e.core.internal.Bundles - 	Entry: /Users/souravsharma/.p2/pool/plugins/org.eclipse.m2e.maven.runtime_3.9.900.20250220-2013/jars/plexus-xml-3.0.1.jar
2025-08-26 00:35:14,830 [Worker-28: Launching Executing install in _Users_souravsharma_Documents_WorkNest_WorkNestApp] INFO  o.eclipse.m2e.core.internal.Bundles - 	Entry: /Users/souravsharma/.p2/pool/plugins/org.eclipse.m2e.maven.runtime_3.9.900.20250220-2013/jars/wagon-file-3.5.3.jar
2025-08-26 00:35:14,831 [Worker-28: Launching Executing install in _Users_souravsharma_Documents_WorkNest_WorkNestApp] INFO  o.eclipse.m2e.core.internal.Bundles - 	Entry: /Users/souravsharma/.p2/pool/plugins/org.eclipse.m2e.maven.runtime_3.9.900.20250220-2013/jars/wagon-http-3.5.3.jar
2025-08-26 00:35:14,831 [Worker-28: Launching Executing install in _Users_souravsharma_Documents_WorkNest_WorkNestApp] INFO  o.eclipse.m2e.core.internal.Bundles - 	Entry: /Users/souravsharma/.p2/pool/plugins/org.eclipse.m2e.maven.runtime_3.9.900.20250220-2013/jars/wagon-http-shared-3.5.3.jar
2025-08-26 00:35:14,831 [Worker-28: Launching Executing install in _Users_souravsharma_Documents_WorkNest_WorkNestApp] INFO  o.eclipse.m2e.core.internal.Bundles - 	Entry: /Users/souravsharma/.p2/pool/plugins/org.eclipse.m2e.maven.runtime_3.9.900.20250220-2013/jars/wagon-provider-api-3.5.3.jar
2025-08-26 00:35:14,832 [Worker-28: Launching Executing install in _Users_souravsharma_Documents_WorkNest_WorkNestApp] INFO  o.eclipse.m2e.core.internal.Bundles - getClasspathEntries(Bundle=com.google.guava_33.4.8.jre [1021])
2025-08-26 00:35:14,833 [Worker-28: Launching Executing install in _Users_souravsharma_Documents_WorkNest_WorkNestApp] INFO  o.eclipse.m2e.core.internal.Bundles - 	Entry: /Users/souravsharma/.p2/pool/plugins/com.google.guava_33.4.8.jre.jar
2025-08-26 00:35:14,833 [Worker-28: Launching Executing install in _Users_souravsharma_Documents_WorkNest_WorkNestApp] INFO  o.eclipse.m2e.core.internal.Bundles - getClasspathEntries(Bundle=slf4j.api_2.0.17 [2005])
2025-08-26 00:35:14,833 [Worker-28: Launching Executing install in _Users_souravsharma_Documents_WorkNest_WorkNestApp] INFO  o.eclipse.m2e.core.internal.Bundles - 	Entry: /Users/souravsharma/.p2/pool/plugins/slf4j.api_2.0.17.jar
2025-08-26 00:35:14,833 [Worker-28: Launching Executing install in _Users_souravsharma_Documents_WorkNest_WorkNestApp] INFO  o.eclipse.m2e.core.internal.Bundles - getClasspathEntries(Bundle=jakarta.inject.jakarta.inject-api_1.0.5 [1038])
2025-08-26 00:35:14,833 [Worker-28: Launching Executing install in _Users_souravsharma_Documents_WorkNest_WorkNestApp] INFO  o.eclipse.m2e.core.internal.Bundles - 	Entry: /Users/souravsharma/.p2/pool/plugins/jakarta.inject.jakarta.inject-api_1.0.5.jar
2025-08-26 00:35:14,833 [Worker-28: Launching Executing install in _Users_souravsharma_Documents_WorkNest_WorkNestApp] INFO  o.eclipse.m2e.core.internal.Bundles - getClasspathEntries(Bundle=javax.annotation_1.3.5.v20200909-1856 [1048])
2025-08-26 00:35:14,833 [Worker-28: Launching Executing install in _Users_souravsharma_Documents_WorkNest_WorkNestApp] INFO  o.eclipse.m2e.core.internal.Bundles - 	Entry: /Users/souravsharma/.p2/pool/plugins/javax.annotation_1.3.5.v20200909-1856.jar
2025-08-26 00:35:14,833 [Worker-28: Launching Executing install in _Users_souravsharma_Documents_WorkNest_WorkNestApp] INFO  o.eclipse.m2e.core.internal.Bundles - getClasspathEntries(Bundle=org.apache.commons.cli_1.9.0 [1079])
2025-08-26 00:35:14,833 [Worker-28: Launching Executing install in _Users_souravsharma_Documents_WorkNest_WorkNestApp] INFO  o.eclipse.m2e.core.internal.Bundles - 	Entry: /Users/souravsharma/.p2/pool/plugins/org.apache.commons.cli_1.9.0.jar
2025-08-26 00:35:14,833 [Worker-28: Launching Executing install in _Users_souravsharma_Documents_WorkNest_WorkNestApp] INFO  o.eclipse.m2e.core.internal.Bundles - getClasspathEntries(Bundle=org.apache.commons.commons-codec_1.19.0 [2026])
2025-08-26 00:35:14,833 [Worker-28: Launching Executing install in _Users_souravsharma_Documents_WorkNest_WorkNestApp] INFO  o.eclipse.m2e.core.internal.Bundles - 	Entry: /Users/souravsharma/.p2/pool/plugins/org.apache.commons.commons-codec_1.19.0.jar
2025-08-26 00:35:14,833 [Worker-28: Launching Executing install in _Users_souravsharma_Documents_WorkNest_WorkNestApp] INFO  o.eclipse.m2e.core.internal.Bundles - getClasspathEntries(Bundle=com.google.guava.failureaccess_1.0.3 [1022])
2025-08-26 00:35:14,833 [Worker-28: Launching Executing install in _Users_souravsharma_Documents_WorkNest_WorkNestApp] INFO  o.eclipse.m2e.core.internal.Bundles - 	Entry: /Users/souravsharma/.p2/pool/plugins/com.google.guava.failureaccess_1.0.3.jar
2025-08-26 00:35:14,836 [Worker-28: Launching Executing install in _Users_souravsharma_Documents_WorkNest_WorkNestApp] INFO  o.e.m.i.launch.MavenLaunchDelegate - Run build in "/Users/souravsharma/Documents/WorkNest/WorkNestApp":
2025-08-26 00:35:14,836 [Worker-28: Launching Executing install in _Users_souravsharma_Documents_WorkNest_WorkNestApp] INFO  o.e.m.i.launch.MavenLaunchDelegate -  mvn  -B -Dstyle.color=always install
2025-08-26 00:35:29,333 [Worker-34: Building] INFO  o.a.m.s.f.DefaultMavenResourcesFiltering - Copying 1 resource from src/main/resources to target/classes
2025-08-26 00:35:29,346 [Worker-34: Building] INFO  o.a.m.s.f.DefaultMavenResourcesFiltering - skip non existing resourceDirectory /Users/souravsharma/Documents/WorkNest/WorkNestApp/src/test/resources
2025-08-26 00:36:57,924 [Worker-18: Building] INFO  o.a.m.s.f.DefaultMavenResourcesFiltering - Copying 0 resource from src/main/resources to target/classes
2025-08-26 00:36:57,943 [Worker-18: Building] INFO  o.a.m.s.f.DefaultMavenResourcesFiltering - skip non existing resourceDirectory /Users/souravsharma/Documents/WorkNest/WorkNestApp/src/test/resources
2025-08-26 00:37:23,531 [Worker-30: Building] INFO  o.a.m.s.f.DefaultMavenResourcesFiltering - Copying 0 resource from src/main/resources to target/classes
2025-08-26 00:37:23,541 [Worker-30: Building] INFO  o.a.m.s.f.DefaultMavenResourcesFiltering - skip non existing resourceDirectory /Users/souravsharma/Documents/WorkNest/WorkNestApp/src/test/resources
2025-08-26 00:37:53,948 [Worker-32: Building] INFO  o.a.m.s.f.DefaultMavenResourcesFiltering - Copying 0 resource from src/main/resources to target/classes
2025-08-26 00:37:53,952 [Worker-32: Building] INFO  o.a.m.s.f.DefaultMavenResourcesFiltering - skip non existing resourceDirectory /Users/souravsharma/Documents/WorkNest/WorkNestApp/src/test/resources
2025-08-26 00:38:33,840 [Worker-31: Building] INFO  o.a.m.s.f.DefaultMavenResourcesFiltering - Copying 0 resource from src/main/resources to target/classes
2025-08-26 00:38:33,850 [Worker-31: Building] INFO  o.a.m.s.f.DefaultMavenResourcesFiltering - skip non existing resourceDirectory /Users/souravsharma/Documents/WorkNest/WorkNestApp/src/test/resources
2025-08-26 00:38:59,745 [Worker-18: Building] INFO  o.a.m.s.f.DefaultMavenResourcesFiltering - Copying 0 resource from src/main/resources to target/classes
2025-08-26 00:38:59,752 [Worker-18: Building] INFO  o.a.m.s.f.DefaultMavenResourcesFiltering - skip non existing resourceDirectory /Users/souravsharma/Documents/WorkNest/WorkNestApp/src/test/resources
2025-08-26 00:39:32,068 [Worker-30: Building] INFO  o.a.m.s.f.DefaultMavenResourcesFiltering - Copying 0 resource from src/main/resources to target/classes
2025-08-26 00:39:32,071 [Worker-30: Building] INFO  o.a.m.s.f.DefaultMavenResourcesFiltering - skip non existing resourceDirectory /Users/souravsharma/Documents/WorkNest/WorkNestApp/src/test/resources
2025-08-26 00:41:10,302 [Worker-30: Building] INFO  o.a.m.s.f.DefaultMavenResourcesFiltering - Copying 0 resource from src/main/resources to target/classes
2025-08-26 00:41:10,334 [Worker-30: Building] INFO  o.a.m.s.f.DefaultMavenResourcesFiltering - skip non existing resourceDirectory /Users/souravsharma/Documents/WorkNest/WorkNestApp/src/test/resources
2025-08-26 00:41:55,708 [Worker-33: Building] INFO  o.a.m.s.f.DefaultMavenResourcesFiltering - Copying 0 resource from src/main/resources to target/classes
2025-08-26 00:41:55,715 [Worker-33: Building] INFO  o.a.m.s.f.DefaultMavenResourcesFiltering - skip non existing resourceDirectory /Users/souravsharma/Documents/WorkNest/WorkNestApp/src/test/resources
2025-08-26 00:42:20,777 [Worker-30: Building] INFO  o.a.m.s.f.DefaultMavenResourcesFiltering - Copying 0 resource from src/main/resources to target/classes
2025-08-26 00:42:20,784 [Worker-30: Building] INFO  o.a.m.s.f.DefaultMavenResourcesFiltering - skip non existing resourceDirectory /Users/souravsharma/Documents/WorkNest/WorkNestApp/src/test/resources
2025-08-26 00:42:46,660 [Worker-33: Building] INFO  o.a.m.s.f.DefaultMavenResourcesFiltering - Copying 0 resource from src/main/resources to target/classes
2025-08-26 00:42:46,667 [Worker-33: Building] INFO  o.a.m.s.f.DefaultMavenResourcesFiltering - skip non existing resourceDirectory /Users/souravsharma/Documents/WorkNest/WorkNestApp/src/test/resources
2025-08-26 00:47:14,943 [Worker-35: Building] INFO  o.a.m.s.f.DefaultMavenResourcesFiltering - Copying 0 resource from src/main/resources to target/classes
2025-08-26 00:47:14,947 [Worker-35: Building] INFO  o.a.m.s.f.DefaultMavenResourcesFiltering - skip non existing resourceDirectory /Users/souravsharma/Documents/WorkNest/WorkNestApp/src/test/resources
2025-08-26 00:47:27,665 [Worker-30: Building] INFO  o.a.m.s.f.DefaultMavenResourcesFiltering - Copying 0 resource from src/main/resources to target/classes
2025-08-26 00:47:27,671 [Worker-30: Building] INFO  o.a.m.s.f.DefaultMavenResourcesFiltering - skip non existing resourceDirectory /Users/souravsharma/Documents/WorkNest/WorkNestApp/src/test/resources
2025-08-26 00:49:28,194 [Worker-35: Building] INFO  o.a.m.s.f.DefaultMavenResourcesFiltering - Copying 0 resource from src/main/resources to target/classes
2025-08-26 00:49:28,212 [Worker-35: Building] INFO  o.a.m.s.f.DefaultMavenResourcesFiltering - skip non existing resourceDirectory /Users/souravsharma/Documents/WorkNest/WorkNestApp/src/test/resources
2025-08-26 00:51:51,701 [Worker-33: Building] INFO  o.a.m.s.f.DefaultMavenResourcesFiltering - Copying 0 resource from src/main/resources to target/classes
2025-08-26 00:51:51,706 [Worker-33: Building] INFO  o.a.m.s.f.DefaultMavenResourcesFiltering - skip non existing resourceDirectory /Users/souravsharma/Documents/WorkNest/WorkNestApp/src/test/resources
2025-08-26 00:53:33,967 [Worker-30: Building] INFO  o.a.m.s.f.DefaultMavenResourcesFiltering - Copying 0 resource from src/main/resources to target/classes
2025-08-26 00:53:33,972 [Worker-30: Building] INFO  o.a.m.s.f.DefaultMavenResourcesFiltering - skip non existing resourceDirectory /Users/souravsharma/Documents/WorkNest/WorkNestApp/src/test/resources
2025-08-26 00:53:48,970 [Worker-28: Building] INFO  o.a.m.s.f.DefaultMavenResourcesFiltering - Copying 0 resource from src/main/resources to target/classes
2025-08-26 00:53:48,984 [Worker-28: Building] INFO  o.a.m.s.f.DefaultMavenResourcesFiltering - skip non existing resourceDirectory /Users/souravsharma/Documents/WorkNest/WorkNestApp/src/test/resources
2025-08-26 00:56:19,727 [Worker-31: Building] INFO  o.a.m.s.f.DefaultMavenResourcesFiltering - Copying 0 resource from src/main/resources to target/classes
2025-08-26 00:56:19,733 [Worker-31: Building] INFO  o.a.m.s.f.DefaultMavenResourcesFiltering - skip non existing resourceDirectory /Users/souravsharma/Documents/WorkNest/WorkNestApp/src/test/resources
2025-08-26 00:58:04,684 [Worker-30: Building] INFO  o.a.m.s.f.DefaultMavenResourcesFiltering - Copying 0 resource from src/main/resources to target/classes
2025-08-26 00:58:04,701 [Worker-30: Building] INFO  o.a.m.s.f.DefaultMavenResourcesFiltering - skip non existing resourceDirectory /Users/souravsharma/Documents/WorkNest/WorkNestApp/src/test/resources
2025-08-26 00:59:57,944 [Worker-33: Building] INFO  o.a.m.s.f.DefaultMavenResourcesFiltering - Copying 0 resource from src/main/resources to target/classes
2025-08-26 00:59:57,954 [Worker-33: Building] INFO  o.a.m.s.f.DefaultMavenResourcesFiltering - skip non existing resourceDirectory /Users/souravsharma/Documents/WorkNest/WorkNestApp/src/test/resources
2025-08-26 01:03:07,281 [Worker-33: Building] INFO  o.a.m.s.f.DefaultMavenResourcesFiltering - Copying 0 resource from src/main/resources to target/classes
2025-08-26 01:03:07,288 [Worker-33: Building] INFO  o.a.m.s.f.DefaultMavenResourcesFiltering - skip non existing resourceDirectory /Users/souravsharma/Documents/WorkNest/WorkNestApp/src/test/resources
2025-08-26 01:04:46,769 [Worker-35: Building] INFO  o.a.m.s.f.DefaultMavenResourcesFiltering - Copying 0 resource from src/main/resources to target/classes
2025-08-26 01:04:46,776 [Worker-35: Building] INFO  o.a.m.s.f.DefaultMavenResourcesFiltering - skip non existing resourceDirectory /Users/souravsharma/Documents/WorkNest/WorkNestApp/src/test/resources
2025-08-26 01:06:10,035 [Worker-18: Building] INFO  o.a.m.s.f.DefaultMavenResourcesFiltering - Copying 0 resource from src/main/resources to target/classes
2025-08-26 01:06:10,043 [Worker-18: Building] INFO  o.a.m.s.f.DefaultMavenResourcesFiltering - skip non existing resourceDirectory /Users/souravsharma/Documents/WorkNest/WorkNestApp/src/test/resources
2025-08-26 01:21:01,834 [Worker-18: Building] INFO  o.a.m.s.f.DefaultMavenResourcesFiltering - Copying 0 resource from src/main/resources to target/classes
2025-08-26 01:21:01,888 [Worker-18: Building] INFO  o.a.m.s.f.DefaultMavenResourcesFiltering - skip non existing resourceDirectory /Users/souravsharma/Documents/WorkNest/WorkNestApp/src/test/resources
2025-08-26 01:25:41,349 [Worker-31: Building] INFO  o.a.m.s.f.DefaultMavenResourcesFiltering - Copying 0 resource from src/main/resources to target/classes
2025-08-26 01:25:41,374 [Worker-31: Building] INFO  o.a.m.s.f.DefaultMavenResourcesFiltering - skip non existing resourceDirectory /Users/souravsharma/Documents/WorkNest/WorkNestApp/src/test/resources
2025-08-26 01:47:11,086 [Worker-36: Building] INFO  o.a.m.s.f.DefaultMavenResourcesFiltering - Copying 0 resource from src/main/resources to target/classes
2025-08-26 01:47:11,091 [Worker-36: Building] INFO  o.a.m.s.f.DefaultMavenResourcesFiltering - skip non existing resourceDirectory /Users/souravsharma/Documents/WorkNest/WorkNestApp/src/test/resources
2025-08-26 08:12:09,404 [Worker-31: Building] INFO  o.a.m.s.f.DefaultMavenResourcesFiltering - Copying 0 resource from src/main/resources to target/classes
2025-08-26 08:12:09,434 [Worker-31: Building] INFO  o.a.m.s.f.DefaultMavenResourcesFiltering - skip non existing resourceDirectory /Users/souravsharma/Documents/WorkNest/WorkNestApp/src/test/resources
2025-08-26 08:14:28,688 [Worker-38: Building] INFO  o.a.m.s.f.DefaultMavenResourcesFiltering - Copying 0 resource from src/main/resources to target/classes
2025-08-26 08:14:28,699 [Worker-38: Building] INFO  o.a.m.s.f.DefaultMavenResourcesFiltering - skip non existing resourceDirectory /Users/souravsharma/Documents/WorkNest/WorkNestApp/src/test/resources
2025-08-26 08:16:22,171 [Worker-30: Building] INFO  o.a.m.s.f.DefaultMavenResourcesFiltering - Copying 0 resource from src/main/resources to target/classes
2025-08-26 08:16:22,215 [Worker-30: Building] INFO  o.a.m.s.f.DefaultMavenResourcesFiltering - skip non existing resourceDirectory /Users/souravsharma/Documents/WorkNest/WorkNestApp/src/test/resources
2025-08-26 08:16:25,155 [Worker-33: Building] INFO  o.a.m.s.f.DefaultMavenResourcesFiltering - Copying 0 resource from src/main/resources to target/classes
2025-08-26 08:16:25,160 [Worker-33: Building] INFO  o.a.m.s.f.DefaultMavenResourcesFiltering - skip non existing resourceDirectory /Users/souravsharma/Documents/WorkNest/WorkNestApp/src/test/resources
2025-08-26 08:17:57,644 [Worker-25: Building] INFO  o.a.m.s.f.DefaultMavenResourcesFiltering - Copying 0 resource from src/main/resources to target/classes
2025-08-26 08:17:57,648 [Worker-25: Building] INFO  o.a.m.s.f.DefaultMavenResourcesFiltering - skip non existing resourceDirectory /Users/souravsharma/Documents/WorkNest/WorkNestApp/src/test/resources
2025-08-26 08:18:42,835 [Worker-35: Building] INFO  o.a.m.s.f.DefaultMavenResourcesFiltering - Copying 0 resource from src/main/resources to target/classes
2025-08-26 08:18:42,844 [Worker-35: Building] INFO  o.a.m.s.f.DefaultMavenResourcesFiltering - skip non existing resourceDirectory /Users/souravsharma/Documents/WorkNest/WorkNestApp/src/test/resources
2025-08-26 08:25:48,056 [Worker-39: Building] INFO  o.a.m.s.f.DefaultMavenResourcesFiltering - Copying 0 resource from src/main/resources to target/classes
2025-08-26 08:25:48,114 [Worker-39: Building] INFO  o.a.m.s.f.DefaultMavenResourcesFiltering - skip non existing resourceDirectory /Users/souravsharma/Documents/WorkNest/WorkNestApp/src/test/resources
2025-08-26 08:25:51,285 [Worker-33: Building] INFO  o.a.m.s.f.DefaultMavenResourcesFiltering - Copying 0 resource from src/main/resources to target/classes
2025-08-26 08:25:51,291 [Worker-33: Building] INFO  o.a.m.s.f.DefaultMavenResourcesFiltering - skip non existing resourceDirectory /Users/souravsharma/Documents/WorkNest/WorkNestApp/src/test/resources
2025-08-26 10:07:52,732 [Worker-28: Building] INFO  o.a.m.s.f.DefaultMavenResourcesFiltering - Copying 0 resource from src/main/resources to target/classes
2025-08-26 10:07:52,739 [Worker-28: Building] INFO  o.a.m.s.f.DefaultMavenResourcesFiltering - skip non existing resourceDirectory /Users/souravsharma/Documents/WorkNest/WorkNestApp/src/test/resources
