2025-08-27 22:14:11,081 [Worker-7: Loading available Gradle versions] INFO  o.e.b.c.i.u.g.PublishedGradleVersions - Gradle version information cache is not available. Remote download required.
2025-08-27 22:15:41,047 [Worker-10: Updating Maven Dependencies] INFO  o.e.m.c.i.l.LifecycleMappingFactory - Using org.maven.ide.eclipse.wtp.WarLifecycleMapping lifecycle mapping for MavenProject: com.worknest:WorkNestApp:1.0.0 @ /Users/souravsharma/Desktop/worknest/WorkNestApp/pom.xml.
2025-08-27 22:15:41,477 [Worker-27: Building] INFO  o.e.m.c.i.l.LifecycleMappingFactory - Using org.maven.ide.eclipse.wtp.WarLifecycleMapping lifecycle mapping for MavenProject: com.worknest:WorkNestApp:1.0.0 @ /Users/souravsharma/Desktop/worknest/WorkNestApp/pom.xml.
2025-08-27 22:15:42,416 [Worker-10: Updating Maven Dependencies] WARN  o.e.m.c.i.embedder.EclipseLogger - The artifact mysql:mysql-connector-java:jar:8.0.33 has been relocated to com.mysql:mysql-connector-j:jar:8.0.33: MySQL Connector/J artifacts moved to reverse-DNS compliant Maven 2+ coordinates.
2025-08-27 22:15:42,527 [Worker-27: Building] WARN  o.e.m.c.i.embedder.EclipseLogger - The artifact mysql:mysql-connector-java:jar:8.0.33 has been relocated to com.mysql:mysql-connector-j:jar:8.0.33: MySQL Connector/J artifacts moved to reverse-DNS compliant Maven 2+ coordinates.
2025-08-27 22:15:42,884 [Worker-27: Building] WARN  o.e.m.c.i.embedder.EclipseLogger - The artifact mysql:mysql-connector-java:jar:8.0.33 has been relocated to com.mysql:mysql-connector-j:jar:8.0.33: MySQL Connector/J artifacts moved to reverse-DNS compliant Maven 2+ coordinates.
2025-08-27 22:15:47,516 [Worker-27: Building] INFO  o.a.m.s.f.DefaultMavenResourcesFiltering - Copying 1 resource from src/main/resources to target/classes
2025-08-27 22:15:47,686 [Worker-27: Building] INFO  o.a.m.s.f.DefaultMavenResourcesFiltering - skip non existing resourceDirectory /Users/souravsharma/Desktop/worknest/WorkNestApp/src/test/resources
2025-08-27 22:15:49,765 [Worker-7: Updating Maven Dependencies] INFO  o.e.m.c.i.l.LifecycleMappingFactory - Using org.maven.ide.eclipse.wtp.WarLifecycleMapping lifecycle mapping for MavenProject: com.worknest:WorkNestApp:1.0.0 @ /Users/souravsharma/Desktop/worknest/WorkNestApp/pom.xml.
2025-08-27 22:15:50,520 [Worker-7: Updating Maven Dependencies] WARN  o.e.m.c.i.embedder.EclipseLogger - The artifact mysql:mysql-connector-java:jar:8.0.33 has been relocated to com.mysql:mysql-connector-j:jar:8.0.33: MySQL Connector/J artifacts moved to reverse-DNS compliant Maven 2+ coordinates.
2025-08-27 22:15:50,774 [Worker-0: Building] INFO  o.a.m.s.f.DefaultMavenResourcesFiltering - Copying 1 resource from src/main/resources to target/classes
2025-08-27 22:15:50,804 [Worker-0: Building] INFO  o.a.m.s.f.DefaultMavenResourcesFiltering - skip non existing resourceDirectory /Users/souravsharma/Desktop/worknest/WorkNestApp/src/test/resources
2025-08-27 22:15:51,815 [Worker-7: Updating Maven Dependencies] WARN  o.e.m.c.i.embedder.EclipseLogger - The artifact mysql:mysql-connector-java:jar:8.0.33 has been relocated to com.mysql:mysql-connector-j:jar:8.0.33: MySQL Connector/J artifacts moved to reverse-DNS compliant Maven 2+ coordinates.
2025-08-27 22:15:53,205 [Worker-18: Building] INFO  o.a.m.s.f.DefaultMavenResourcesFiltering - Copying 1 resource from src/main/resources to target/classes
2025-08-27 22:15:53,210 [Worker-18: Building] INFO  o.a.m.s.f.DefaultMavenResourcesFiltering - skip non existing resourceDirectory /Users/souravsharma/Desktop/worknest/WorkNestApp/src/test/resources
2025-08-27 22:16:30,394 [Worker-21: Building] INFO  o.a.m.s.f.DefaultMavenResourcesFiltering - Copying 1 resource from src/main/resources to target/classes
2025-08-27 22:16:30,403 [Worker-21: Building] INFO  o.a.m.s.f.DefaultMavenResourcesFiltering - Copying 0 resource from src/test/resources to target/test-classes
2025-08-27 22:17:29,022 [Worker-4: Building] INFO  o.a.m.s.f.DefaultMavenResourcesFiltering - Copying 1 resource from src/main/resources to target/classes
2025-08-27 22:17:29,028 [Worker-4: Building] INFO  o.a.m.s.f.DefaultMavenResourcesFiltering - Copying 0 resource from src/test/resources to target/test-classes
2025-08-27 22:19:07,101 [Worker-28: Launching Executing clean in _Users_souravsharma_Desktop_worknest_WorkNestApp] INFO  o.eclipse.m2e.core.internal.Bundles - getClasspathEntries(Bundle=org.eclipse.m2e.maven.runtime_3.9.900.20250220-2013 [1640])
2025-08-27 22:19:07,107 [Worker-28: Launching Executing clean in _Users_souravsharma_Desktop_worknest_WorkNestApp] INFO  o.eclipse.m2e.core.internal.Bundles - 	Entry: /Users/souravsharma/.p2/pool/plugins/org.eclipse.m2e.maven.runtime_3.9.900.20250220-2013
2025-08-27 22:19:07,109 [Worker-28: Launching Executing clean in _Users_souravsharma_Desktop_worknest_WorkNestApp] INFO  o.eclipse.m2e.core.internal.Bundles - 	Entry: /Users/souravsharma/.p2/pool/plugins/org.eclipse.m2e.maven.runtime_3.9.900.20250220-2013/jars/aopalliance-1.0.jar
2025-08-27 22:19:07,109 [Worker-28: Launching Executing clean in _Users_souravsharma_Desktop_worknest_WorkNestApp] INFO  o.eclipse.m2e.core.internal.Bundles - 	Entry: /Users/souravsharma/.p2/pool/plugins/org.eclipse.m2e.maven.runtime_3.9.900.20250220-2013/jars/guice-5.1.0.jar
2025-08-27 22:19:07,109 [Worker-28: Launching Executing clean in _Users_souravsharma_Desktop_worknest_WorkNestApp] INFO  o.eclipse.m2e.core.internal.Bundles - 	Entry: /Users/souravsharma/.p2/pool/plugins/org.eclipse.m2e.maven.runtime_3.9.900.20250220-2013/jars/httpclient-4.5.14.jar
2025-08-27 22:19:07,110 [Worker-28: Launching Executing clean in _Users_souravsharma_Desktop_worknest_WorkNestApp] INFO  o.eclipse.m2e.core.internal.Bundles - 	Entry: /Users/souravsharma/.p2/pool/plugins/org.eclipse.m2e.maven.runtime_3.9.900.20250220-2013/jars/httpcore-4.4.16.jar
2025-08-27 22:19:07,110 [Worker-28: Launching Executing clean in _Users_souravsharma_Desktop_worknest_WorkNestApp] INFO  o.eclipse.m2e.core.internal.Bundles - 	Entry: /Users/souravsharma/.p2/pool/plugins/org.eclipse.m2e.maven.runtime_3.9.900.20250220-2013/jars/jansi-2.4.1.jar
2025-08-27 22:19:07,110 [Worker-28: Launching Executing clean in _Users_souravsharma_Desktop_worknest_WorkNestApp] INFO  o.eclipse.m2e.core.internal.Bundles - 	Entry: /Users/souravsharma/.p2/pool/plugins/org.eclipse.m2e.maven.runtime_3.9.900.20250220-2013/jars/jcl-over-slf4j-1.7.36.jar
2025-08-27 22:19:07,110 [Worker-28: Launching Executing clean in _Users_souravsharma_Desktop_worknest_WorkNestApp] INFO  o.eclipse.m2e.core.internal.Bundles - 	Entry: /Users/souravsharma/.p2/pool/plugins/org.eclipse.m2e.maven.runtime_3.9.900.20250220-2013/jars/maven-artifact-3.9.9.jar
2025-08-27 22:19:07,110 [Worker-28: Launching Executing clean in _Users_souravsharma_Desktop_worknest_WorkNestApp] INFO  o.eclipse.m2e.core.internal.Bundles - 	Entry: /Users/souravsharma/.p2/pool/plugins/org.eclipse.m2e.maven.runtime_3.9.900.20250220-2013/jars/maven-builder-support-3.9.9.jar
2025-08-27 22:19:07,110 [Worker-28: Launching Executing clean in _Users_souravsharma_Desktop_worknest_WorkNestApp] INFO  o.eclipse.m2e.core.internal.Bundles - 	Entry: /Users/souravsharma/.p2/pool/plugins/org.eclipse.m2e.maven.runtime_3.9.900.20250220-2013/jars/maven-compat-3.9.9.jar
2025-08-27 22:19:07,110 [Worker-28: Launching Executing clean in _Users_souravsharma_Desktop_worknest_WorkNestApp] INFO  o.eclipse.m2e.core.internal.Bundles - 	Entry: /Users/souravsharma/.p2/pool/plugins/org.eclipse.m2e.maven.runtime_3.9.900.20250220-2013/jars/maven-core-3.9.9.jar
2025-08-27 22:19:07,110 [Worker-28: Launching Executing clean in _Users_souravsharma_Desktop_worknest_WorkNestApp] INFO  o.eclipse.m2e.core.internal.Bundles - 	Entry: /Users/souravsharma/.p2/pool/plugins/org.eclipse.m2e.maven.runtime_3.9.900.20250220-2013/jars/maven-embedder-3.9.9.jar
2025-08-27 22:19:07,110 [Worker-28: Launching Executing clean in _Users_souravsharma_Desktop_worknest_WorkNestApp] INFO  o.eclipse.m2e.core.internal.Bundles - 	Entry: /Users/souravsharma/.p2/pool/plugins/org.eclipse.m2e.maven.runtime_3.9.900.20250220-2013/jars/maven-model-3.9.9.jar
2025-08-27 22:19:07,110 [Worker-28: Launching Executing clean in _Users_souravsharma_Desktop_worknest_WorkNestApp] INFO  o.eclipse.m2e.core.internal.Bundles - 	Entry: /Users/souravsharma/.p2/pool/plugins/org.eclipse.m2e.maven.runtime_3.9.900.20250220-2013/jars/maven-model-builder-3.9.9.jar
2025-08-27 22:19:07,110 [Worker-28: Launching Executing clean in _Users_souravsharma_Desktop_worknest_WorkNestApp] INFO  o.eclipse.m2e.core.internal.Bundles - 	Entry: /Users/souravsharma/.p2/pool/plugins/org.eclipse.m2e.maven.runtime_3.9.900.20250220-2013/jars/maven-plugin-api-3.9.9.jar
2025-08-27 22:19:07,110 [Worker-28: Launching Executing clean in _Users_souravsharma_Desktop_worknest_WorkNestApp] INFO  o.eclipse.m2e.core.internal.Bundles - 	Entry: /Users/souravsharma/.p2/pool/plugins/org.eclipse.m2e.maven.runtime_3.9.900.20250220-2013/jars/maven-repository-metadata-3.9.9.jar
2025-08-27 22:19:07,110 [Worker-28: Launching Executing clean in _Users_souravsharma_Desktop_worknest_WorkNestApp] INFO  o.eclipse.m2e.core.internal.Bundles - 	Entry: /Users/souravsharma/.p2/pool/plugins/org.eclipse.m2e.maven.runtime_3.9.900.20250220-2013/jars/maven-resolver-api-1.9.22.jar
2025-08-27 22:19:07,111 [Worker-28: Launching Executing clean in _Users_souravsharma_Desktop_worknest_WorkNestApp] INFO  o.eclipse.m2e.core.internal.Bundles - 	Entry: /Users/souravsharma/.p2/pool/plugins/org.eclipse.m2e.maven.runtime_3.9.900.20250220-2013/jars/maven-resolver-connector-basic-1.9.22.jar
2025-08-27 22:19:07,111 [Worker-28: Launching Executing clean in _Users_souravsharma_Desktop_worknest_WorkNestApp] INFO  o.eclipse.m2e.core.internal.Bundles - 	Entry: /Users/souravsharma/.p2/pool/plugins/org.eclipse.m2e.maven.runtime_3.9.900.20250220-2013/jars/maven-resolver-impl-1.9.22.jar
2025-08-27 22:19:07,111 [Worker-28: Launching Executing clean in _Users_souravsharma_Desktop_worknest_WorkNestApp] INFO  o.eclipse.m2e.core.internal.Bundles - 	Entry: /Users/souravsharma/.p2/pool/plugins/org.eclipse.m2e.maven.runtime_3.9.900.20250220-2013/jars/maven-resolver-named-locks-1.9.22.jar
2025-08-27 22:19:07,111 [Worker-28: Launching Executing clean in _Users_souravsharma_Desktop_worknest_WorkNestApp] INFO  o.eclipse.m2e.core.internal.Bundles - 	Entry: /Users/souravsharma/.p2/pool/plugins/org.eclipse.m2e.maven.runtime_3.9.900.20250220-2013/jars/maven-resolver-provider-3.9.9.jar
2025-08-27 22:19:07,111 [Worker-28: Launching Executing clean in _Users_souravsharma_Desktop_worknest_WorkNestApp] INFO  o.eclipse.m2e.core.internal.Bundles - 	Entry: /Users/souravsharma/.p2/pool/plugins/org.eclipse.m2e.maven.runtime_3.9.900.20250220-2013/jars/maven-resolver-spi-1.9.22.jar
2025-08-27 22:19:07,111 [Worker-28: Launching Executing clean in _Users_souravsharma_Desktop_worknest_WorkNestApp] INFO  o.eclipse.m2e.core.internal.Bundles - 	Entry: /Users/souravsharma/.p2/pool/plugins/org.eclipse.m2e.maven.runtime_3.9.900.20250220-2013/jars/maven-resolver-transport-file-1.9.22.jar
2025-08-27 22:19:07,111 [Worker-28: Launching Executing clean in _Users_souravsharma_Desktop_worknest_WorkNestApp] INFO  o.eclipse.m2e.core.internal.Bundles - 	Entry: /Users/souravsharma/.p2/pool/plugins/org.eclipse.m2e.maven.runtime_3.9.900.20250220-2013/jars/maven-resolver-transport-http-1.9.22.jar
2025-08-27 22:19:07,111 [Worker-28: Launching Executing clean in _Users_souravsharma_Desktop_worknest_WorkNestApp] INFO  o.eclipse.m2e.core.internal.Bundles - 	Entry: /Users/souravsharma/.p2/pool/plugins/org.eclipse.m2e.maven.runtime_3.9.900.20250220-2013/jars/maven-resolver-transport-wagon-1.9.22.jar
2025-08-27 22:19:07,111 [Worker-28: Launching Executing clean in _Users_souravsharma_Desktop_worknest_WorkNestApp] INFO  o.eclipse.m2e.core.internal.Bundles - 	Entry: /Users/souravsharma/.p2/pool/plugins/org.eclipse.m2e.maven.runtime_3.9.900.20250220-2013/jars/maven-resolver-util-1.9.22.jar
2025-08-27 22:19:07,111 [Worker-28: Launching Executing clean in _Users_souravsharma_Desktop_worknest_WorkNestApp] INFO  o.eclipse.m2e.core.internal.Bundles - 	Entry: /Users/souravsharma/.p2/pool/plugins/org.eclipse.m2e.maven.runtime_3.9.900.20250220-2013/jars/maven-settings-3.9.9.jar
2025-08-27 22:19:07,112 [Worker-28: Launching Executing clean in _Users_souravsharma_Desktop_worknest_WorkNestApp] INFO  o.eclipse.m2e.core.internal.Bundles - 	Entry: /Users/souravsharma/.p2/pool/plugins/org.eclipse.m2e.maven.runtime_3.9.900.20250220-2013/jars/maven-settings-builder-3.9.9.jar
2025-08-27 22:19:07,114 [Worker-28: Launching Executing clean in _Users_souravsharma_Desktop_worknest_WorkNestApp] INFO  o.eclipse.m2e.core.internal.Bundles - 	Entry: /Users/souravsharma/.p2/pool/plugins/org.eclipse.m2e.maven.runtime_3.9.900.20250220-2013/jars/maven-shared-utils-3.4.2.jar
2025-08-27 22:19:07,114 [Worker-28: Launching Executing clean in _Users_souravsharma_Desktop_worknest_WorkNestApp] INFO  o.eclipse.m2e.core.internal.Bundles - 	Entry: /Users/souravsharma/.p2/pool/plugins/org.eclipse.m2e.maven.runtime_3.9.900.20250220-2013/jars/org.eclipse.sisu.inject-0.9.0.M3.jar
2025-08-27 22:19:07,114 [Worker-28: Launching Executing clean in _Users_souravsharma_Desktop_worknest_WorkNestApp] INFO  o.eclipse.m2e.core.internal.Bundles - 	Entry: /Users/souravsharma/.p2/pool/plugins/org.eclipse.m2e.maven.runtime_3.9.900.20250220-2013/jars/org.eclipse.sisu.plexus-0.9.0.M3.jar
2025-08-27 22:19:07,114 [Worker-28: Launching Executing clean in _Users_souravsharma_Desktop_worknest_WorkNestApp] INFO  o.eclipse.m2e.core.internal.Bundles - 	Entry: /Users/souravsharma/.p2/pool/plugins/org.eclipse.m2e.maven.runtime_3.9.900.20250220-2013/jars/plexus-build-api-0.0.7.jar
2025-08-27 22:19:07,114 [Worker-28: Launching Executing clean in _Users_souravsharma_Desktop_worknest_WorkNestApp] INFO  o.eclipse.m2e.core.internal.Bundles - 	Entry: /Users/souravsharma/.p2/pool/plugins/org.eclipse.m2e.maven.runtime_3.9.900.20250220-2013/jars/plexus-build-api-1.2.0.jar
2025-08-27 22:19:07,114 [Worker-28: Launching Executing clean in _Users_souravsharma_Desktop_worknest_WorkNestApp] INFO  o.eclipse.m2e.core.internal.Bundles - 	Entry: /Users/souravsharma/.p2/pool/plugins/org.eclipse.m2e.maven.runtime_3.9.900.20250220-2013/jars/plexus-cipher-2.0.jar
2025-08-27 22:19:07,114 [Worker-28: Launching Executing clean in _Users_souravsharma_Desktop_worknest_WorkNestApp] INFO  o.eclipse.m2e.core.internal.Bundles - 	Entry: /Users/souravsharma/.p2/pool/plugins/org.eclipse.m2e.maven.runtime_3.9.900.20250220-2013/jars/plexus-classworlds-2.8.0.jar
2025-08-27 22:19:07,114 [Worker-28: Launching Executing clean in _Users_souravsharma_Desktop_worknest_WorkNestApp] INFO  o.eclipse.m2e.core.internal.Bundles - 	Entry: /Users/souravsharma/.p2/pool/plugins/org.eclipse.m2e.maven.runtime_3.9.900.20250220-2013/jars/plexus-component-annotations-2.1.0.jar
2025-08-27 22:19:07,115 [Worker-28: Launching Executing clean in _Users_souravsharma_Desktop_worknest_WorkNestApp] INFO  o.eclipse.m2e.core.internal.Bundles - 	Entry: /Users/souravsharma/.p2/pool/plugins/org.eclipse.m2e.maven.runtime_3.9.900.20250220-2013/jars/plexus-interpolation-1.27.jar
2025-08-27 22:19:07,115 [Worker-28: Launching Executing clean in _Users_souravsharma_Desktop_worknest_WorkNestApp] INFO  o.eclipse.m2e.core.internal.Bundles - 	Entry: /Users/souravsharma/.p2/pool/plugins/org.eclipse.m2e.maven.runtime_3.9.900.20250220-2013/jars/plexus-sec-dispatcher-2.0.jar
2025-08-27 22:19:07,115 [Worker-28: Launching Executing clean in _Users_souravsharma_Desktop_worknest_WorkNestApp] INFO  o.eclipse.m2e.core.internal.Bundles - 	Entry: /Users/souravsharma/.p2/pool/plugins/org.eclipse.m2e.maven.runtime_3.9.900.20250220-2013/jars/plexus-utils-3.5.1.jar
2025-08-27 22:19:07,115 [Worker-28: Launching Executing clean in _Users_souravsharma_Desktop_worknest_WorkNestApp] INFO  o.eclipse.m2e.core.internal.Bundles - 	Entry: /Users/souravsharma/.p2/pool/plugins/org.eclipse.m2e.maven.runtime_3.9.900.20250220-2013/jars/plexus-xml-3.0.1.jar
2025-08-27 22:19:07,115 [Worker-28: Launching Executing clean in _Users_souravsharma_Desktop_worknest_WorkNestApp] INFO  o.eclipse.m2e.core.internal.Bundles - 	Entry: /Users/souravsharma/.p2/pool/plugins/org.eclipse.m2e.maven.runtime_3.9.900.20250220-2013/jars/wagon-file-3.5.3.jar
2025-08-27 22:19:07,115 [Worker-28: Launching Executing clean in _Users_souravsharma_Desktop_worknest_WorkNestApp] INFO  o.eclipse.m2e.core.internal.Bundles - 	Entry: /Users/souravsharma/.p2/pool/plugins/org.eclipse.m2e.maven.runtime_3.9.900.20250220-2013/jars/wagon-http-3.5.3.jar
2025-08-27 22:19:07,115 [Worker-28: Launching Executing clean in _Users_souravsharma_Desktop_worknest_WorkNestApp] INFO  o.eclipse.m2e.core.internal.Bundles - 	Entry: /Users/souravsharma/.p2/pool/plugins/org.eclipse.m2e.maven.runtime_3.9.900.20250220-2013/jars/wagon-http-shared-3.5.3.jar
2025-08-27 22:19:07,115 [Worker-28: Launching Executing clean in _Users_souravsharma_Desktop_worknest_WorkNestApp] INFO  o.eclipse.m2e.core.internal.Bundles - 	Entry: /Users/souravsharma/.p2/pool/plugins/org.eclipse.m2e.maven.runtime_3.9.900.20250220-2013/jars/wagon-provider-api-3.5.3.jar
2025-08-27 22:19:07,117 [Worker-28: Launching Executing clean in _Users_souravsharma_Desktop_worknest_WorkNestApp] INFO  o.eclipse.m2e.core.internal.Bundles - getClasspathEntries(Bundle=com.google.guava_33.4.8.jre [1021])
2025-08-27 22:19:07,120 [Worker-28: Launching Executing clean in _Users_souravsharma_Desktop_worknest_WorkNestApp] INFO  o.eclipse.m2e.core.internal.Bundles - 	Entry: /Users/souravsharma/.p2/pool/plugins/com.google.guava_33.4.8.jre.jar
2025-08-27 22:19:07,120 [Worker-28: Launching Executing clean in _Users_souravsharma_Desktop_worknest_WorkNestApp] INFO  o.eclipse.m2e.core.internal.Bundles - getClasspathEntries(Bundle=slf4j.api_2.0.17 [2005])
2025-08-27 22:19:07,120 [Worker-28: Launching Executing clean in _Users_souravsharma_Desktop_worknest_WorkNestApp] INFO  o.eclipse.m2e.core.internal.Bundles - 	Entry: /Users/souravsharma/.p2/pool/plugins/slf4j.api_2.0.17.jar
2025-08-27 22:19:07,120 [Worker-28: Launching Executing clean in _Users_souravsharma_Desktop_worknest_WorkNestApp] INFO  o.eclipse.m2e.core.internal.Bundles - getClasspathEntries(Bundle=jakarta.inject.jakarta.inject-api_1.0.5 [1038])
2025-08-27 22:19:07,121 [Worker-28: Launching Executing clean in _Users_souravsharma_Desktop_worknest_WorkNestApp] INFO  o.eclipse.m2e.core.internal.Bundles - 	Entry: /Users/souravsharma/.p2/pool/plugins/jakarta.inject.jakarta.inject-api_1.0.5.jar
2025-08-27 22:19:07,121 [Worker-28: Launching Executing clean in _Users_souravsharma_Desktop_worknest_WorkNestApp] INFO  o.eclipse.m2e.core.internal.Bundles - getClasspathEntries(Bundle=javax.annotation_1.3.5.v20200909-1856 [1048])
2025-08-27 22:19:07,121 [Worker-28: Launching Executing clean in _Users_souravsharma_Desktop_worknest_WorkNestApp] INFO  o.eclipse.m2e.core.internal.Bundles - 	Entry: /Users/souravsharma/.p2/pool/plugins/javax.annotation_1.3.5.v20200909-1856.jar
2025-08-27 22:19:07,121 [Worker-28: Launching Executing clean in _Users_souravsharma_Desktop_worknest_WorkNestApp] INFO  o.eclipse.m2e.core.internal.Bundles - getClasspathEntries(Bundle=org.apache.commons.cli_1.9.0 [1079])
2025-08-27 22:19:07,121 [Worker-28: Launching Executing clean in _Users_souravsharma_Desktop_worknest_WorkNestApp] INFO  o.eclipse.m2e.core.internal.Bundles - 	Entry: /Users/souravsharma/.p2/pool/plugins/org.apache.commons.cli_1.9.0.jar
2025-08-27 22:19:07,121 [Worker-28: Launching Executing clean in _Users_souravsharma_Desktop_worknest_WorkNestApp] INFO  o.eclipse.m2e.core.internal.Bundles - getClasspathEntries(Bundle=org.apache.commons.commons-codec_1.19.0 [2026])
2025-08-27 22:19:07,121 [Worker-28: Launching Executing clean in _Users_souravsharma_Desktop_worknest_WorkNestApp] INFO  o.eclipse.m2e.core.internal.Bundles - 	Entry: /Users/souravsharma/.p2/pool/plugins/org.apache.commons.commons-codec_1.19.0.jar
2025-08-27 22:19:07,121 [Worker-28: Launching Executing clean in _Users_souravsharma_Desktop_worknest_WorkNestApp] INFO  o.eclipse.m2e.core.internal.Bundles - getClasspathEntries(Bundle=com.google.guava.failureaccess_1.0.3 [1022])
2025-08-27 22:19:07,121 [Worker-28: Launching Executing clean in _Users_souravsharma_Desktop_worknest_WorkNestApp] INFO  o.eclipse.m2e.core.internal.Bundles - 	Entry: /Users/souravsharma/.p2/pool/plugins/com.google.guava.failureaccess_1.0.3.jar
2025-08-27 22:19:07,126 [Worker-28: Launching Executing clean in _Users_souravsharma_Desktop_worknest_WorkNestApp] INFO  o.e.m.i.launch.MavenLaunchDelegate - Run build in "/Users/souravsharma/Desktop/worknest/WorkNestApp":
2025-08-27 22:19:07,133 [Worker-28: Launching Executing clean in _Users_souravsharma_Desktop_worknest_WorkNestApp] INFO  o.e.m.i.launch.MavenLaunchDelegate -  mvn  -B -Dstyle.color=always clean
2025-08-27 22:19:15,581 [Worker-28: Building] INFO  o.a.m.s.f.DefaultMavenResourcesFiltering - Copying 1 resource from src/main/resources to target/classes
2025-08-27 22:19:15,617 [Worker-28: Building] INFO  o.a.m.s.f.DefaultMavenResourcesFiltering - Copying 0 resource from src/test/resources to target/test-classes
2025-08-27 22:19:15,621 [Worker-28: Building] INFO  o.e.m.w.i.f.ResourceFilteringBuildParticipant - Changed resources require a complete clean of filtered resources of WorkNestApp
2025-08-27 22:19:15,624 [Worker-28: Building] INFO  o.e.m.w.i.f.ResourceFilteringBuildParticipant - Executing resource filtering for WorkNestApp
2025-08-27 22:20:47,354 [Worker-18: Launching Executing install in _Users_souravsharma_Desktop_worknest_WorkNestApp] INFO  o.eclipse.m2e.core.internal.Bundles - getClasspathEntries(Bundle=org.eclipse.m2e.maven.runtime_3.9.900.20250220-2013 [1640])
2025-08-27 22:20:47,356 [Worker-18: Launching Executing install in _Users_souravsharma_Desktop_worknest_WorkNestApp] INFO  o.eclipse.m2e.core.internal.Bundles - 	Entry: /Users/souravsharma/.p2/pool/plugins/org.eclipse.m2e.maven.runtime_3.9.900.20250220-2013
2025-08-27 22:20:47,357 [Worker-18: Launching Executing install in _Users_souravsharma_Desktop_worknest_WorkNestApp] INFO  o.eclipse.m2e.core.internal.Bundles - 	Entry: /Users/souravsharma/.p2/pool/plugins/org.eclipse.m2e.maven.runtime_3.9.900.20250220-2013/jars/aopalliance-1.0.jar
2025-08-27 22:20:47,357 [Worker-18: Launching Executing install in _Users_souravsharma_Desktop_worknest_WorkNestApp] INFO  o.eclipse.m2e.core.internal.Bundles - 	Entry: /Users/souravsharma/.p2/pool/plugins/org.eclipse.m2e.maven.runtime_3.9.900.20250220-2013/jars/guice-5.1.0.jar
2025-08-27 22:20:47,357 [Worker-18: Launching Executing install in _Users_souravsharma_Desktop_worknest_WorkNestApp] INFO  o.eclipse.m2e.core.internal.Bundles - 	Entry: /Users/souravsharma/.p2/pool/plugins/org.eclipse.m2e.maven.runtime_3.9.900.20250220-2013/jars/httpclient-4.5.14.jar
2025-08-27 22:20:47,357 [Worker-18: Launching Executing install in _Users_souravsharma_Desktop_worknest_WorkNestApp] INFO  o.eclipse.m2e.core.internal.Bundles - 	Entry: /Users/souravsharma/.p2/pool/plugins/org.eclipse.m2e.maven.runtime_3.9.900.20250220-2013/jars/httpcore-4.4.16.jar
2025-08-27 22:20:47,357 [Worker-18: Launching Executing install in _Users_souravsharma_Desktop_worknest_WorkNestApp] INFO  o.eclipse.m2e.core.internal.Bundles - 	Entry: /Users/souravsharma/.p2/pool/plugins/org.eclipse.m2e.maven.runtime_3.9.900.20250220-2013/jars/jansi-2.4.1.jar
2025-08-27 22:20:47,358 [Worker-18: Launching Executing install in _Users_souravsharma_Desktop_worknest_WorkNestApp] INFO  o.eclipse.m2e.core.internal.Bundles - 	Entry: /Users/souravsharma/.p2/pool/plugins/org.eclipse.m2e.maven.runtime_3.9.900.20250220-2013/jars/jcl-over-slf4j-1.7.36.jar
2025-08-27 22:20:47,358 [Worker-18: Launching Executing install in _Users_souravsharma_Desktop_worknest_WorkNestApp] INFO  o.eclipse.m2e.core.internal.Bundles - 	Entry: /Users/souravsharma/.p2/pool/plugins/org.eclipse.m2e.maven.runtime_3.9.900.20250220-2013/jars/maven-artifact-3.9.9.jar
2025-08-27 22:20:47,358 [Worker-18: Launching Executing install in _Users_souravsharma_Desktop_worknest_WorkNestApp] INFO  o.eclipse.m2e.core.internal.Bundles - 	Entry: /Users/souravsharma/.p2/pool/plugins/org.eclipse.m2e.maven.runtime_3.9.900.20250220-2013/jars/maven-builder-support-3.9.9.jar
2025-08-27 22:20:47,358 [Worker-18: Launching Executing install in _Users_souravsharma_Desktop_worknest_WorkNestApp] INFO  o.eclipse.m2e.core.internal.Bundles - 	Entry: /Users/souravsharma/.p2/pool/plugins/org.eclipse.m2e.maven.runtime_3.9.900.20250220-2013/jars/maven-compat-3.9.9.jar
2025-08-27 22:20:47,358 [Worker-18: Launching Executing install in _Users_souravsharma_Desktop_worknest_WorkNestApp] INFO  o.eclipse.m2e.core.internal.Bundles - 	Entry: /Users/souravsharma/.p2/pool/plugins/org.eclipse.m2e.maven.runtime_3.9.900.20250220-2013/jars/maven-core-3.9.9.jar
2025-08-27 22:20:47,358 [Worker-18: Launching Executing install in _Users_souravsharma_Desktop_worknest_WorkNestApp] INFO  o.eclipse.m2e.core.internal.Bundles - 	Entry: /Users/souravsharma/.p2/pool/plugins/org.eclipse.m2e.maven.runtime_3.9.900.20250220-2013/jars/maven-embedder-3.9.9.jar
2025-08-27 22:20:47,358 [Worker-18: Launching Executing install in _Users_souravsharma_Desktop_worknest_WorkNestApp] INFO  o.eclipse.m2e.core.internal.Bundles - 	Entry: /Users/souravsharma/.p2/pool/plugins/org.eclipse.m2e.maven.runtime_3.9.900.20250220-2013/jars/maven-model-3.9.9.jar
2025-08-27 22:20:47,358 [Worker-18: Launching Executing install in _Users_souravsharma_Desktop_worknest_WorkNestApp] INFO  o.eclipse.m2e.core.internal.Bundles - 	Entry: /Users/souravsharma/.p2/pool/plugins/org.eclipse.m2e.maven.runtime_3.9.900.20250220-2013/jars/maven-model-builder-3.9.9.jar
2025-08-27 22:20:47,359 [Worker-18: Launching Executing install in _Users_souravsharma_Desktop_worknest_WorkNestApp] INFO  o.eclipse.m2e.core.internal.Bundles - 	Entry: /Users/souravsharma/.p2/pool/plugins/org.eclipse.m2e.maven.runtime_3.9.900.20250220-2013/jars/maven-plugin-api-3.9.9.jar
2025-08-27 22:20:47,359 [Worker-18: Launching Executing install in _Users_souravsharma_Desktop_worknest_WorkNestApp] INFO  o.eclipse.m2e.core.internal.Bundles - 	Entry: /Users/souravsharma/.p2/pool/plugins/org.eclipse.m2e.maven.runtime_3.9.900.20250220-2013/jars/maven-repository-metadata-3.9.9.jar
2025-08-27 22:20:47,359 [Worker-18: Launching Executing install in _Users_souravsharma_Desktop_worknest_WorkNestApp] INFO  o.eclipse.m2e.core.internal.Bundles - 	Entry: /Users/souravsharma/.p2/pool/plugins/org.eclipse.m2e.maven.runtime_3.9.900.20250220-2013/jars/maven-resolver-api-1.9.22.jar
2025-08-27 22:20:47,359 [Worker-18: Launching Executing install in _Users_souravsharma_Desktop_worknest_WorkNestApp] INFO  o.eclipse.m2e.core.internal.Bundles - 	Entry: /Users/souravsharma/.p2/pool/plugins/org.eclipse.m2e.maven.runtime_3.9.900.20250220-2013/jars/maven-resolver-connector-basic-1.9.22.jar
2025-08-27 22:20:47,359 [Worker-18: Launching Executing install in _Users_souravsharma_Desktop_worknest_WorkNestApp] INFO  o.eclipse.m2e.core.internal.Bundles - 	Entry: /Users/souravsharma/.p2/pool/plugins/org.eclipse.m2e.maven.runtime_3.9.900.20250220-2013/jars/maven-resolver-impl-1.9.22.jar
2025-08-27 22:20:47,359 [Worker-18: Launching Executing install in _Users_souravsharma_Desktop_worknest_WorkNestApp] INFO  o.eclipse.m2e.core.internal.Bundles - 	Entry: /Users/souravsharma/.p2/pool/plugins/org.eclipse.m2e.maven.runtime_3.9.900.20250220-2013/jars/maven-resolver-named-locks-1.9.22.jar
2025-08-27 22:20:47,360 [Worker-18: Launching Executing install in _Users_souravsharma_Desktop_worknest_WorkNestApp] INFO  o.eclipse.m2e.core.internal.Bundles - 	Entry: /Users/souravsharma/.p2/pool/plugins/org.eclipse.m2e.maven.runtime_3.9.900.20250220-2013/jars/maven-resolver-provider-3.9.9.jar
2025-08-27 22:20:47,360 [Worker-18: Launching Executing install in _Users_souravsharma_Desktop_worknest_WorkNestApp] INFO  o.eclipse.m2e.core.internal.Bundles - 	Entry: /Users/souravsharma/.p2/pool/plugins/org.eclipse.m2e.maven.runtime_3.9.900.20250220-2013/jars/maven-resolver-spi-1.9.22.jar
2025-08-27 22:20:47,360 [Worker-18: Launching Executing install in _Users_souravsharma_Desktop_worknest_WorkNestApp] INFO  o.eclipse.m2e.core.internal.Bundles - 	Entry: /Users/souravsharma/.p2/pool/plugins/org.eclipse.m2e.maven.runtime_3.9.900.20250220-2013/jars/maven-resolver-transport-file-1.9.22.jar
2025-08-27 22:20:47,360 [Worker-18: Launching Executing install in _Users_souravsharma_Desktop_worknest_WorkNestApp] INFO  o.eclipse.m2e.core.internal.Bundles - 	Entry: /Users/souravsharma/.p2/pool/plugins/org.eclipse.m2e.maven.runtime_3.9.900.20250220-2013/jars/maven-resolver-transport-http-1.9.22.jar
2025-08-27 22:20:47,361 [Worker-18: Launching Executing install in _Users_souravsharma_Desktop_worknest_WorkNestApp] INFO  o.eclipse.m2e.core.internal.Bundles - 	Entry: /Users/souravsharma/.p2/pool/plugins/org.eclipse.m2e.maven.runtime_3.9.900.20250220-2013/jars/maven-resolver-transport-wagon-1.9.22.jar
2025-08-27 22:20:47,361 [Worker-18: Launching Executing install in _Users_souravsharma_Desktop_worknest_WorkNestApp] INFO  o.eclipse.m2e.core.internal.Bundles - 	Entry: /Users/souravsharma/.p2/pool/plugins/org.eclipse.m2e.maven.runtime_3.9.900.20250220-2013/jars/maven-resolver-util-1.9.22.jar
2025-08-27 22:20:47,361 [Worker-18: Launching Executing install in _Users_souravsharma_Desktop_worknest_WorkNestApp] INFO  o.eclipse.m2e.core.internal.Bundles - 	Entry: /Users/souravsharma/.p2/pool/plugins/org.eclipse.m2e.maven.runtime_3.9.900.20250220-2013/jars/maven-settings-3.9.9.jar
2025-08-27 22:20:47,361 [Worker-18: Launching Executing install in _Users_souravsharma_Desktop_worknest_WorkNestApp] INFO  o.eclipse.m2e.core.internal.Bundles - 	Entry: /Users/souravsharma/.p2/pool/plugins/org.eclipse.m2e.maven.runtime_3.9.900.20250220-2013/jars/maven-settings-builder-3.9.9.jar
2025-08-27 22:20:47,361 [Worker-18: Launching Executing install in _Users_souravsharma_Desktop_worknest_WorkNestApp] INFO  o.eclipse.m2e.core.internal.Bundles - 	Entry: /Users/souravsharma/.p2/pool/plugins/org.eclipse.m2e.maven.runtime_3.9.900.20250220-2013/jars/maven-shared-utils-3.4.2.jar
2025-08-27 22:20:47,361 [Worker-18: Launching Executing install in _Users_souravsharma_Desktop_worknest_WorkNestApp] INFO  o.eclipse.m2e.core.internal.Bundles - 	Entry: /Users/souravsharma/.p2/pool/plugins/org.eclipse.m2e.maven.runtime_3.9.900.20250220-2013/jars/org.eclipse.sisu.inject-0.9.0.M3.jar
2025-08-27 22:20:47,361 [Worker-18: Launching Executing install in _Users_souravsharma_Desktop_worknest_WorkNestApp] INFO  o.eclipse.m2e.core.internal.Bundles - 	Entry: /Users/souravsharma/.p2/pool/plugins/org.eclipse.m2e.maven.runtime_3.9.900.20250220-2013/jars/org.eclipse.sisu.plexus-0.9.0.M3.jar
2025-08-27 22:20:47,361 [Worker-18: Launching Executing install in _Users_souravsharma_Desktop_worknest_WorkNestApp] INFO  o.eclipse.m2e.core.internal.Bundles - 	Entry: /Users/souravsharma/.p2/pool/plugins/org.eclipse.m2e.maven.runtime_3.9.900.20250220-2013/jars/plexus-build-api-0.0.7.jar
2025-08-27 22:20:47,362 [Worker-18: Launching Executing install in _Users_souravsharma_Desktop_worknest_WorkNestApp] INFO  o.eclipse.m2e.core.internal.Bundles - 	Entry: /Users/souravsharma/.p2/pool/plugins/org.eclipse.m2e.maven.runtime_3.9.900.20250220-2013/jars/plexus-build-api-1.2.0.jar
2025-08-27 22:20:47,362 [Worker-18: Launching Executing install in _Users_souravsharma_Desktop_worknest_WorkNestApp] INFO  o.eclipse.m2e.core.internal.Bundles - 	Entry: /Users/souravsharma/.p2/pool/plugins/org.eclipse.m2e.maven.runtime_3.9.900.20250220-2013/jars/plexus-cipher-2.0.jar
2025-08-27 22:20:47,362 [Worker-18: Launching Executing install in _Users_souravsharma_Desktop_worknest_WorkNestApp] INFO  o.eclipse.m2e.core.internal.Bundles - 	Entry: /Users/souravsharma/.p2/pool/plugins/org.eclipse.m2e.maven.runtime_3.9.900.20250220-2013/jars/plexus-classworlds-2.8.0.jar
2025-08-27 22:20:47,362 [Worker-18: Launching Executing install in _Users_souravsharma_Desktop_worknest_WorkNestApp] INFO  o.eclipse.m2e.core.internal.Bundles - 	Entry: /Users/souravsharma/.p2/pool/plugins/org.eclipse.m2e.maven.runtime_3.9.900.20250220-2013/jars/plexus-component-annotations-2.1.0.jar
2025-08-27 22:20:47,362 [Worker-18: Launching Executing install in _Users_souravsharma_Desktop_worknest_WorkNestApp] INFO  o.eclipse.m2e.core.internal.Bundles - 	Entry: /Users/souravsharma/.p2/pool/plugins/org.eclipse.m2e.maven.runtime_3.9.900.20250220-2013/jars/plexus-interpolation-1.27.jar
2025-08-27 22:20:47,362 [Worker-18: Launching Executing install in _Users_souravsharma_Desktop_worknest_WorkNestApp] INFO  o.eclipse.m2e.core.internal.Bundles - 	Entry: /Users/souravsharma/.p2/pool/plugins/org.eclipse.m2e.maven.runtime_3.9.900.20250220-2013/jars/plexus-sec-dispatcher-2.0.jar
2025-08-27 22:20:47,362 [Worker-18: Launching Executing install in _Users_souravsharma_Desktop_worknest_WorkNestApp] INFO  o.eclipse.m2e.core.internal.Bundles - 	Entry: /Users/souravsharma/.p2/pool/plugins/org.eclipse.m2e.maven.runtime_3.9.900.20250220-2013/jars/plexus-utils-3.5.1.jar
2025-08-27 22:20:47,362 [Worker-18: Launching Executing install in _Users_souravsharma_Desktop_worknest_WorkNestApp] INFO  o.eclipse.m2e.core.internal.Bundles - 	Entry: /Users/souravsharma/.p2/pool/plugins/org.eclipse.m2e.maven.runtime_3.9.900.20250220-2013/jars/plexus-xml-3.0.1.jar
2025-08-27 22:20:47,362 [Worker-18: Launching Executing install in _Users_souravsharma_Desktop_worknest_WorkNestApp] INFO  o.eclipse.m2e.core.internal.Bundles - 	Entry: /Users/souravsharma/.p2/pool/plugins/org.eclipse.m2e.maven.runtime_3.9.900.20250220-2013/jars/wagon-file-3.5.3.jar
2025-08-27 22:20:47,363 [Worker-18: Launching Executing install in _Users_souravsharma_Desktop_worknest_WorkNestApp] INFO  o.eclipse.m2e.core.internal.Bundles - 	Entry: /Users/souravsharma/.p2/pool/plugins/org.eclipse.m2e.maven.runtime_3.9.900.20250220-2013/jars/wagon-http-3.5.3.jar
2025-08-27 22:20:47,365 [Worker-18: Launching Executing install in _Users_souravsharma_Desktop_worknest_WorkNestApp] INFO  o.eclipse.m2e.core.internal.Bundles - 	Entry: /Users/souravsharma/.p2/pool/plugins/org.eclipse.m2e.maven.runtime_3.9.900.20250220-2013/jars/wagon-http-shared-3.5.3.jar
2025-08-27 22:20:47,366 [Worker-18: Launching Executing install in _Users_souravsharma_Desktop_worknest_WorkNestApp] INFO  o.eclipse.m2e.core.internal.Bundles - 	Entry: /Users/souravsharma/.p2/pool/plugins/org.eclipse.m2e.maven.runtime_3.9.900.20250220-2013/jars/wagon-provider-api-3.5.3.jar
2025-08-27 22:20:47,367 [Worker-18: Launching Executing install in _Users_souravsharma_Desktop_worknest_WorkNestApp] INFO  o.eclipse.m2e.core.internal.Bundles - getClasspathEntries(Bundle=com.google.guava_33.4.8.jre [1021])
2025-08-27 22:20:47,367 [Worker-18: Launching Executing install in _Users_souravsharma_Desktop_worknest_WorkNestApp] INFO  o.eclipse.m2e.core.internal.Bundles - 	Entry: /Users/souravsharma/.p2/pool/plugins/com.google.guava_33.4.8.jre.jar
2025-08-27 22:20:47,367 [Worker-18: Launching Executing install in _Users_souravsharma_Desktop_worknest_WorkNestApp] INFO  o.eclipse.m2e.core.internal.Bundles - getClasspathEntries(Bundle=slf4j.api_2.0.17 [2005])
2025-08-27 22:20:47,367 [Worker-18: Launching Executing install in _Users_souravsharma_Desktop_worknest_WorkNestApp] INFO  o.eclipse.m2e.core.internal.Bundles - 	Entry: /Users/souravsharma/.p2/pool/plugins/slf4j.api_2.0.17.jar
2025-08-27 22:20:47,367 [Worker-18: Launching Executing install in _Users_souravsharma_Desktop_worknest_WorkNestApp] INFO  o.eclipse.m2e.core.internal.Bundles - getClasspathEntries(Bundle=jakarta.inject.jakarta.inject-api_1.0.5 [1038])
2025-08-27 22:20:47,367 [Worker-18: Launching Executing install in _Users_souravsharma_Desktop_worknest_WorkNestApp] INFO  o.eclipse.m2e.core.internal.Bundles - 	Entry: /Users/souravsharma/.p2/pool/plugins/jakarta.inject.jakarta.inject-api_1.0.5.jar
2025-08-27 22:20:47,367 [Worker-18: Launching Executing install in _Users_souravsharma_Desktop_worknest_WorkNestApp] INFO  o.eclipse.m2e.core.internal.Bundles - getClasspathEntries(Bundle=javax.annotation_1.3.5.v20200909-1856 [1048])
2025-08-27 22:20:47,368 [Worker-18: Launching Executing install in _Users_souravsharma_Desktop_worknest_WorkNestApp] INFO  o.eclipse.m2e.core.internal.Bundles - 	Entry: /Users/souravsharma/.p2/pool/plugins/javax.annotation_1.3.5.v20200909-1856.jar
2025-08-27 22:20:47,368 [Worker-18: Launching Executing install in _Users_souravsharma_Desktop_worknest_WorkNestApp] INFO  o.eclipse.m2e.core.internal.Bundles - getClasspathEntries(Bundle=org.apache.commons.cli_1.9.0 [1079])
2025-08-27 22:20:47,368 [Worker-18: Launching Executing install in _Users_souravsharma_Desktop_worknest_WorkNestApp] INFO  o.eclipse.m2e.core.internal.Bundles - 	Entry: /Users/souravsharma/.p2/pool/plugins/org.apache.commons.cli_1.9.0.jar
2025-08-27 22:20:47,368 [Worker-18: Launching Executing install in _Users_souravsharma_Desktop_worknest_WorkNestApp] INFO  o.eclipse.m2e.core.internal.Bundles - getClasspathEntries(Bundle=org.apache.commons.commons-codec_1.19.0 [2026])
2025-08-27 22:20:47,368 [Worker-18: Launching Executing install in _Users_souravsharma_Desktop_worknest_WorkNestApp] INFO  o.eclipse.m2e.core.internal.Bundles - 	Entry: /Users/souravsharma/.p2/pool/plugins/org.apache.commons.commons-codec_1.19.0.jar
2025-08-27 22:20:47,368 [Worker-18: Launching Executing install in _Users_souravsharma_Desktop_worknest_WorkNestApp] INFO  o.eclipse.m2e.core.internal.Bundles - getClasspathEntries(Bundle=com.google.guava.failureaccess_1.0.3 [1022])
2025-08-27 22:20:47,368 [Worker-18: Launching Executing install in _Users_souravsharma_Desktop_worknest_WorkNestApp] INFO  o.eclipse.m2e.core.internal.Bundles - 	Entry: /Users/souravsharma/.p2/pool/plugins/com.google.guava.failureaccess_1.0.3.jar
2025-08-27 22:20:47,370 [Worker-18: Launching Executing install in _Users_souravsharma_Desktop_worknest_WorkNestApp] INFO  o.e.m.i.launch.MavenLaunchDelegate - Run build in "/Users/souravsharma/Desktop/worknest/WorkNestApp":
2025-08-27 22:20:47,371 [Worker-18: Launching Executing install in _Users_souravsharma_Desktop_worknest_WorkNestApp] INFO  o.e.m.i.launch.MavenLaunchDelegate -  mvn  -B -Dstyle.color=always install
2025-08-27 22:21:02,048 [Worker-29: Building] INFO  o.a.m.s.f.DefaultMavenResourcesFiltering - Copying 1 resource from src/main/resources to target/classes
2025-08-27 22:21:02,061 [Worker-29: Building] INFO  o.a.m.s.f.DefaultMavenResourcesFiltering - Copying 0 resource from src/test/resources to target/test-classes
2025-08-27 22:21:16,576 [Worker-15: Updating Maven Project] INFO  o.e.m.c.i.p.ProjectConfigurationManager - Update started
2025-08-27 22:21:17,541 [Worker-15: Updating Maven Project] INFO  o.e.m.c.i.l.LifecycleMappingFactory - Using org.maven.ide.eclipse.wtp.WarLifecycleMapping lifecycle mapping for MavenProject: com.worknest:WorkNestApp:1.0.0 @ /Users/souravsharma/Desktop/worknest/WorkNestApp/pom.xml.
2025-08-27 22:21:17,803 [Worker-15: Updating Maven Project] WARN  o.e.m.c.i.embedder.EclipseLogger - The artifact mysql:mysql-connector-java:jar:8.0.33 has been relocated to com.mysql:mysql-connector-j:jar:8.0.33: MySQL Connector/J artifacts moved to reverse-DNS compliant Maven 2+ coordinates.
2025-08-27 22:21:21,030 [Worker-15: Updating Maven Project] INFO  o.e.m.j.i.AbstractJavaProjectConfigurator - Adding source folder /WorkNestApp/src/main/java
2025-08-27 22:21:21,093 [Worker-15: Updating Maven Project] INFO  o.e.m.j.i.AbstractJavaProjectConfigurator - Adding resource folder /WorkNestApp/src/main/resources
2025-08-27 22:21:21,259 [Worker-15: Updating Maven Project] INFO  o.e.m.j.i.AbstractJavaProjectConfigurator - Adding source folder /WorkNestApp/src/test/java
2025-08-27 22:21:21,265 [Worker-15: Updating Maven Project] INFO  o.e.m.j.i.AbstractJavaProjectConfigurator - Adding resource folder /WorkNestApp/src/test/resources
2025-08-27 22:21:24,769 [Worker-15: Updating Maven Project] INFO  o.e.m.w.i.f.ResourceFilteringBuildParticipant - Cleaning filtered folder for WorkNestApp
2025-08-27 22:21:24,907 [Worker-15: Updating Maven Project] INFO  o.e.m.c.i.p.ProjectConfigurationManager - Update completed for 1 poms: local refresh takes 0.00 sec, refresh facades takes 2.00 sec, update config takes 3.00 sec 
2025-08-27 22:21:27,765 [Worker-26: Building] INFO  o.a.m.s.f.DefaultMavenResourcesFiltering - Copying 1 resource from src/main/resources to target/classes
2025-08-27 22:21:27,854 [Worker-26: Building] INFO  o.a.m.s.f.DefaultMavenResourcesFiltering - Copying 0 resource from src/test/resources to target/test-classes
2025-08-27 22:21:27,859 [Worker-26: Building] INFO  o.e.m.w.i.f.ResourceFilteringBuildParticipant - Changed resources require a complete clean of filtered resources of WorkNestApp
2025-08-27 22:21:27,862 [Worker-26: Building] INFO  o.e.m.w.i.f.ResourceFilteringBuildParticipant - Executing resource filtering for WorkNestApp
2025-08-27 22:42:57,664 [Worker-33: Building] INFO  o.a.m.s.f.DefaultMavenResourcesFiltering - Copying 0 resource from src/main/resources to target/classes
2025-08-27 22:42:57,682 [Worker-33: Building] INFO  o.a.m.s.f.DefaultMavenResourcesFiltering - Copying 0 resource from src/test/resources to target/test-classes
2025-08-27 23:23:05,532 [Worker-31: Building] INFO  o.a.m.s.f.DefaultMavenResourcesFiltering - Copying 0 resource from src/main/resources to target/classes
2025-08-27 23:23:05,546 [Worker-31: Building] INFO  o.a.m.s.f.DefaultMavenResourcesFiltering - Copying 0 resource from src/test/resources to target/test-classes
2025-08-27 23:31:48,516 [Worker-34: Building] INFO  o.a.m.s.f.DefaultMavenResourcesFiltering - Copying 0 resource from src/main/resources to target/classes
2025-08-27 23:31:48,520 [Worker-34: Building] INFO  o.a.m.s.f.DefaultMavenResourcesFiltering - Copying 0 resource from src/test/resources to target/test-classes
2025-08-27 23:32:45,755 [Worker-26: Building] INFO  o.a.m.s.f.DefaultMavenResourcesFiltering - Copying 0 resource from src/main/resources to target/classes
2025-08-27 23:32:45,772 [Worker-26: Building] INFO  o.a.m.s.f.DefaultMavenResourcesFiltering - Copying 0 resource from src/test/resources to target/test-classes
2025-08-27 23:44:13,076 [Worker-34: Building] INFO  o.a.m.s.f.DefaultMavenResourcesFiltering - Copying 0 resource from src/main/resources to target/classes
2025-08-27 23:44:13,086 [Worker-34: Building] INFO  o.a.m.s.f.DefaultMavenResourcesFiltering - Copying 0 resource from src/test/resources to target/test-classes
2025-08-27 23:44:26,719 [Worker-37: Building] INFO  o.a.m.s.f.DefaultMavenResourcesFiltering - Copying 0 resource from src/main/resources to target/classes
2025-08-27 23:44:26,723 [Worker-37: Building] INFO  o.a.m.s.f.DefaultMavenResourcesFiltering - Copying 0 resource from src/test/resources to target/test-classes
2025-08-28 00:10:49,067 [Worker-32: Building] INFO  o.a.m.s.f.DefaultMavenResourcesFiltering - Copying 0 resource from src/main/resources to target/classes
2025-08-28 00:10:49,077 [Worker-32: Building] INFO  o.a.m.s.f.DefaultMavenResourcesFiltering - Copying 0 resource from src/test/resources to target/test-classes
2025-08-28 00:11:03,199 [Worker-34: Building] INFO  o.a.m.s.f.DefaultMavenResourcesFiltering - Copying 0 resource from src/main/resources to target/classes
2025-08-28 00:11:03,210 [Worker-34: Building] INFO  o.a.m.s.f.DefaultMavenResourcesFiltering - Copying 0 resource from src/test/resources to target/test-classes
2025-08-28 00:15:32,505 [Worker-38: Building] INFO  o.a.m.s.f.DefaultMavenResourcesFiltering - Copying 0 resource from src/main/resources to target/classes
2025-08-28 00:15:32,513 [Worker-38: Building] INFO  o.a.m.s.f.DefaultMavenResourcesFiltering - Copying 0 resource from src/test/resources to target/test-classes
2025-08-28 00:16:12,711 [Worker-36: Building] INFO  o.a.m.s.f.DefaultMavenResourcesFiltering - Copying 0 resource from src/main/resources to target/classes
2025-08-28 00:16:12,718 [Worker-36: Building] INFO  o.a.m.s.f.DefaultMavenResourcesFiltering - Copying 0 resource from src/test/resources to target/test-classes
2025-08-28 00:18:39,581 [Worker-36: Building] INFO  o.a.m.s.f.DefaultMavenResourcesFiltering - Copying 0 resource from src/main/resources to target/classes
2025-08-28 00:18:39,589 [Worker-36: Building] INFO  o.a.m.s.f.DefaultMavenResourcesFiltering - Copying 0 resource from src/test/resources to target/test-classes
2025-08-28 00:18:42,679 [Worker-33: Building] INFO  o.a.m.s.f.DefaultMavenResourcesFiltering - Copying 0 resource from src/main/resources to target/classes
2025-08-28 00:18:42,684 [Worker-33: Building] INFO  o.a.m.s.f.DefaultMavenResourcesFiltering - Copying 0 resource from src/test/resources to target/test-classes
2025-08-28 00:21:43,117 [Worker-37: Building] INFO  o.a.m.s.f.DefaultMavenResourcesFiltering - Copying 0 resource from src/main/resources to target/classes
2025-08-28 00:21:43,121 [Worker-37: Building] INFO  o.a.m.s.f.DefaultMavenResourcesFiltering - Copying 0 resource from src/test/resources to target/test-classes
2025-08-28 00:25:23,032 [Worker-34: Building] INFO  o.a.m.s.f.DefaultMavenResourcesFiltering - Copying 0 resource from src/main/resources to target/classes
2025-08-28 00:25:23,038 [Worker-34: Building] INFO  o.a.m.s.f.DefaultMavenResourcesFiltering - Copying 0 resource from src/test/resources to target/test-classes
2025-08-28 00:34:11,183 [Worker-26: Building] INFO  o.a.m.s.f.DefaultMavenResourcesFiltering - Copying 0 resource from src/main/resources to target/classes
2025-08-28 00:34:11,213 [Worker-26: Building] INFO  o.a.m.s.f.DefaultMavenResourcesFiltering - Copying 0 resource from src/test/resources to target/test-classes
2025-08-28 00:34:44,600 [Worker-26: Building] INFO  o.a.m.s.f.DefaultMavenResourcesFiltering - Copying 0 resource from src/main/resources to target/classes
2025-08-28 00:34:44,604 [Worker-26: Building] INFO  o.a.m.s.f.DefaultMavenResourcesFiltering - Copying 0 resource from src/test/resources to target/test-classes
2025-08-28 00:39:45,747 [Worker-33: Building] INFO  o.a.m.s.f.DefaultMavenResourcesFiltering - Copying 0 resource from src/main/resources to target/classes
2025-08-28 00:39:45,750 [Worker-33: Building] INFO  o.a.m.s.f.DefaultMavenResourcesFiltering - Copying 0 resource from src/test/resources to target/test-classes
2025-08-28 00:40:14,571 [Worker-37: Building] INFO  o.a.m.s.f.DefaultMavenResourcesFiltering - Copying 0 resource from src/main/resources to target/classes
2025-08-28 00:40:14,574 [Worker-37: Building] INFO  o.a.m.s.f.DefaultMavenResourcesFiltering - Copying 0 resource from src/test/resources to target/test-classes
2025-08-28 00:40:44,315 [Worker-36: Building] INFO  o.a.m.s.f.DefaultMavenResourcesFiltering - Copying 0 resource from src/main/resources to target/classes
2025-08-28 00:40:44,329 [Worker-36: Building] INFO  o.a.m.s.f.DefaultMavenResourcesFiltering - Copying 0 resource from src/test/resources to target/test-classes
2025-08-28 00:49:53,807 [Worker-34: Building] INFO  o.a.m.s.f.DefaultMavenResourcesFiltering - Copying 0 resource from src/main/resources to target/classes
2025-08-28 00:49:53,823 [Worker-34: Building] INFO  o.a.m.s.f.DefaultMavenResourcesFiltering - Copying 0 resource from src/test/resources to target/test-classes
2025-08-28 00:51:35,792 [Worker-31: Building] INFO  o.a.m.s.f.DefaultMavenResourcesFiltering - Copying 0 resource from src/main/resources to target/classes
2025-08-28 00:51:35,795 [Worker-31: Building] INFO  o.a.m.s.f.DefaultMavenResourcesFiltering - Copying 0 resource from src/test/resources to target/test-classes
2025-08-28 00:52:38,904 [Worker-36: Building] INFO  o.a.m.s.f.DefaultMavenResourcesFiltering - Copying 0 resource from src/main/resources to target/classes
2025-08-28 00:52:38,907 [Worker-36: Building] INFO  o.a.m.s.f.DefaultMavenResourcesFiltering - Copying 0 resource from src/test/resources to target/test-classes
2025-08-28 00:55:44,274 [Worker-36: Building] INFO  o.a.m.s.f.DefaultMavenResourcesFiltering - Copying 0 resource from src/main/resources to target/classes
2025-08-28 00:55:44,287 [Worker-36: Building] INFO  o.a.m.s.f.DefaultMavenResourcesFiltering - Copying 0 resource from src/test/resources to target/test-classes
2025-08-28 00:59:42,038 [Worker-18: Building] INFO  o.a.m.s.f.DefaultMavenResourcesFiltering - Copying 0 resource from src/main/resources to target/classes
2025-08-28 00:59:42,041 [Worker-18: Building] INFO  o.a.m.s.f.DefaultMavenResourcesFiltering - Copying 0 resource from src/test/resources to target/test-classes
2025-08-28 01:00:52,934 [Worker-26: Building] INFO  o.a.m.s.f.DefaultMavenResourcesFiltering - Copying 0 resource from src/main/resources to target/classes
2025-08-28 01:00:52,937 [Worker-26: Building] INFO  o.a.m.s.f.DefaultMavenResourcesFiltering - Copying 0 resource from src/test/resources to target/test-classes
2025-08-28 01:03:51,834 [Worker-37: Building] INFO  o.a.m.s.f.DefaultMavenResourcesFiltering - Copying 0 resource from src/main/resources to target/classes
2025-08-28 01:03:51,849 [Worker-37: Building] INFO  o.a.m.s.f.DefaultMavenResourcesFiltering - Copying 0 resource from src/test/resources to target/test-classes
2025-08-28 01:05:10,076 [Worker-33: Building] INFO  o.a.m.s.f.DefaultMavenResourcesFiltering - Copying 0 resource from src/main/resources to target/classes
2025-08-28 01:05:10,093 [Worker-33: Building] INFO  o.a.m.s.f.DefaultMavenResourcesFiltering - Copying 0 resource from src/test/resources to target/test-classes
2025-08-28 01:06:08,216 [Worker-31: Building] INFO  o.a.m.s.f.DefaultMavenResourcesFiltering - Copying 0 resource from src/main/resources to target/classes
2025-08-28 01:06:08,220 [Worker-31: Building] INFO  o.a.m.s.f.DefaultMavenResourcesFiltering - Copying 0 resource from src/test/resources to target/test-classes
2025-08-28 01:06:55,458 [Worker-18: Building] INFO  o.a.m.s.f.DefaultMavenResourcesFiltering - Copying 0 resource from src/main/resources to target/classes
2025-08-28 01:06:55,465 [Worker-18: Building] INFO  o.a.m.s.f.DefaultMavenResourcesFiltering - Copying 0 resource from src/test/resources to target/test-classes
2025-08-28 01:07:57,737 [Worker-31: Building] INFO  o.a.m.s.f.DefaultMavenResourcesFiltering - Copying 0 resource from src/main/resources to target/classes
2025-08-28 01:07:57,741 [Worker-31: Building] INFO  o.a.m.s.f.DefaultMavenResourcesFiltering - Copying 0 resource from src/test/resources to target/test-classes
2025-08-28 01:09:07,665 [Worker-26: Building] INFO  o.a.m.s.f.DefaultMavenResourcesFiltering - Copying 0 resource from src/main/resources to target/classes
2025-08-28 01:09:07,672 [Worker-26: Building] INFO  o.a.m.s.f.DefaultMavenResourcesFiltering - Copying 0 resource from src/test/resources to target/test-classes
2025-08-28 01:10:37,036 [Worker-36: Building] INFO  o.a.m.s.f.DefaultMavenResourcesFiltering - Copying 0 resource from src/main/resources to target/classes
2025-08-28 01:10:37,042 [Worker-36: Building] INFO  o.a.m.s.f.DefaultMavenResourcesFiltering - Copying 0 resource from src/test/resources to target/test-classes
2025-08-28 01:11:21,734 [Worker-26: Building] INFO  o.a.m.s.f.DefaultMavenResourcesFiltering - Copying 0 resource from src/main/resources to target/classes
2025-08-28 01:11:21,736 [Worker-26: Building] INFO  o.a.m.s.f.DefaultMavenResourcesFiltering - Copying 0 resource from src/test/resources to target/test-classes
2025-08-28 01:12:21,556 [Worker-37: Building] INFO  o.a.m.s.f.DefaultMavenResourcesFiltering - Copying 0 resource from src/main/resources to target/classes
2025-08-28 01:12:21,558 [Worker-37: Building] INFO  o.a.m.s.f.DefaultMavenResourcesFiltering - Copying 0 resource from src/test/resources to target/test-classes
2025-08-28 01:12:44,354 [Worker-39: Building] INFO  o.a.m.s.f.DefaultMavenResourcesFiltering - Copying 0 resource from src/main/resources to target/classes
2025-08-28 01:12:44,360 [Worker-39: Building] INFO  o.a.m.s.f.DefaultMavenResourcesFiltering - Copying 0 resource from src/test/resources to target/test-classes
2025-08-28 01:13:41,423 [Worker-36: Building] INFO  o.a.m.s.f.DefaultMavenResourcesFiltering - Copying 0 resource from src/main/resources to target/classes
2025-08-28 01:13:41,438 [Worker-36: Building] INFO  o.a.m.s.f.DefaultMavenResourcesFiltering - Copying 0 resource from src/test/resources to target/test-classes
2025-08-28 01:14:23,474 [Worker-38: Building] INFO  o.a.m.s.f.DefaultMavenResourcesFiltering - Copying 0 resource from src/main/resources to target/classes
2025-08-28 01:14:23,478 [Worker-38: Building] INFO  o.a.m.s.f.DefaultMavenResourcesFiltering - Copying 0 resource from src/test/resources to target/test-classes
2025-08-28 01:15:24,242 [Worker-18: Building] INFO  o.a.m.s.f.DefaultMavenResourcesFiltering - Copying 0 resource from src/main/resources to target/classes
2025-08-28 01:15:24,245 [Worker-18: Building] INFO  o.a.m.s.f.DefaultMavenResourcesFiltering - Copying 0 resource from src/test/resources to target/test-classes
2025-08-28 01:15:57,349 [Worker-26: Building] INFO  o.a.m.s.f.DefaultMavenResourcesFiltering - Copying 0 resource from src/main/resources to target/classes
2025-08-28 01:15:57,355 [Worker-26: Building] INFO  o.a.m.s.f.DefaultMavenResourcesFiltering - Copying 0 resource from src/test/resources to target/test-classes
2025-08-28 01:16:14,986 [Worker-31: Building] INFO  o.a.m.s.f.DefaultMavenResourcesFiltering - Copying 0 resource from src/main/resources to target/classes
2025-08-28 01:16:14,990 [Worker-31: Building] INFO  o.a.m.s.f.DefaultMavenResourcesFiltering - Copying 0 resource from src/test/resources to target/test-classes
2025-08-28 01:16:31,759 [Worker-39: Building] INFO  o.a.m.s.f.DefaultMavenResourcesFiltering - Copying 0 resource from src/main/resources to target/classes
2025-08-28 01:16:31,765 [Worker-39: Building] INFO  o.a.m.s.f.DefaultMavenResourcesFiltering - Copying 0 resource from src/test/resources to target/test-classes
2025-08-28 02:43:56,068 [Worker-37: Building] INFO  o.a.m.s.f.DefaultMavenResourcesFiltering - Copying 1 resource from src/main/resources to target/classes
2025-08-28 02:43:56,097 [Worker-37: Building] INFO  o.a.m.s.f.DefaultMavenResourcesFiltering - Copying 0 resource from src/test/resources to target/test-classes
2025-08-28 02:46:49,170 [Worker-39: Building] INFO  o.a.m.s.f.DefaultMavenResourcesFiltering - Copying 0 resource from src/main/resources to target/classes
2025-08-28 02:46:49,182 [Worker-39: Building] INFO  o.a.m.s.f.DefaultMavenResourcesFiltering - Copying 0 resource from src/test/resources to target/test-classes
2025-08-28 02:50:25,898 [Worker-34: Building] INFO  o.a.m.s.f.DefaultMavenResourcesFiltering - Copying 0 resource from src/main/resources to target/classes
2025-08-28 02:50:25,904 [Worker-34: Building] INFO  o.a.m.s.f.DefaultMavenResourcesFiltering - Copying 0 resource from src/test/resources to target/test-classes
2025-08-28 02:52:22,545 [Worker-31: Building] INFO  o.a.m.s.f.DefaultMavenResourcesFiltering - Copying 0 resource from src/main/resources to target/classes
2025-08-28 02:52:22,579 [Worker-31: Building] INFO  o.a.m.s.f.DefaultMavenResourcesFiltering - Copying 0 resource from src/test/resources to target/test-classes
2025-08-28 02:53:38,268 [Worker-39: Building] INFO  o.a.m.s.f.DefaultMavenResourcesFiltering - Copying 0 resource from src/main/resources to target/classes
2025-08-28 02:53:38,277 [Worker-39: Building] INFO  o.a.m.s.f.DefaultMavenResourcesFiltering - Copying 0 resource from src/test/resources to target/test-classes
2025-08-28 02:55:46,604 [Worker-34: Building] INFO  o.a.m.s.f.DefaultMavenResourcesFiltering - Copying 0 resource from src/main/resources to target/classes
2025-08-28 02:55:46,609 [Worker-34: Building] INFO  o.a.m.s.f.DefaultMavenResourcesFiltering - Copying 0 resource from src/test/resources to target/test-classes
2025-08-28 02:56:55,944 [Worker-38: Building] INFO  o.a.m.s.f.DefaultMavenResourcesFiltering - Copying 0 resource from src/main/resources to target/classes
2025-08-28 02:56:55,953 [Worker-38: Building] INFO  o.a.m.s.f.DefaultMavenResourcesFiltering - Copying 0 resource from src/test/resources to target/test-classes
2025-08-28 02:57:08,549 [Worker-38: Building] INFO  o.a.m.s.f.DefaultMavenResourcesFiltering - Copying 0 resource from src/main/resources to target/classes
2025-08-28 02:57:08,556 [Worker-38: Building] INFO  o.a.m.s.f.DefaultMavenResourcesFiltering - Copying 0 resource from src/test/resources to target/test-classes
